#
# A fatal error has been detected by the Java Runtime Environment:
#
#  EXCEPTION_ACCESS_VIOLATION (0xc0000005) at pc=0x000001b4e7f53424, pid=21128, tid=31720
#
# JRE version: OpenJDK Runtime Environment (20.0+36) (build 20+36-2344)
# Java VM: OpenJDK 64-Bit Server VM (20+36-2344, mixed mode, emulated-client, sharing, tiered, compressed oops, compressed class ptrs, g1 gc, windows-amd64)
# Problematic frame:
# v  ~BufferBlob::MethodHandles adapters 0x000001b4e7f53424
#
# No core dump will be written. Minidumps are not enabled by default on client versions of Windows
#
# If you would like to submit a bug report, please visit:
#   https://bugreport.java.com/bugreport/crash.jsp
#

---------------  S U M M A R Y ------------

Command Line: -XX:+ShowCodeDetailsInExceptionMessages -agentlib:jdwp=transport=dt_socket,suspend=y,address=localhost:56221 -Dcom.sun.management.jmxremote -Dcom.sun.management.jmxremote.port=56220 -Dcom.sun.management.jmxremote.authenticate=false -Dcom.sun.management.jmxremote.ssl=false -Djava.rmi.server.hostname=localhost -Dspring.jmx.enabled=true -Dmanagement.endpoints.jmx.exposure.include=* -Dspring.application.admin.enabled=true -XX:TieredStopAtLevel=1 -Dspring.boot.project.name=multishop -javaagent:C:\Users\pedro\eclipse\jee-2023-12\eclipse\configuration\org.eclipse.osgi\434\0\.cp\lib\javaagent-shaded.jar -Dfile.encoding=UTF-8 -Dstdout.encoding=UTF-8 -Dstderr.encoding=UTF-8 com.online.multishop.MultiShop --spring.output.ansi.enabled=always

Host: Intel(R) Core(TM) i7-10510U CPU @ 1.80GHz, 8 cores, 15G,  Windows 11 , 64 bit Build 23590 (10.0.23590.1000)
Time: Sun Dec 17 21:17:31 2023 Hora estándar de Montevideo elapsed time: 7199.565823 seconds (0d 1h 59m 59s)

---------------  T H R E A D  ---------------

Current thread (0x000001b4f8c52200):  JavaThread "http-nio-8080-exec-2" daemon [_thread_in_Java, id=31720, stack(0x0000009e56400000,0x0000009e56500000)]

Stack: [0x0000009e56400000,0x0000009e56500000],  sp=0x0000009e564fd6f8,  free space=1013k
Native frames: (J=compiled Java code, j=interpreted, Vv=VM code, C=native code)
C  0x000001b4e7f53424


siginfo: EXCEPTION_ACCESS_VIOLATION (0xc0000005), reading address 0x00000008f4804498


Registers:
RAX=0x000001b4e7f1ebb6, RBX=0x0000000705069858, RCX=0x0000009e564fd718, RDX=0x0000000000000005
RSP=0x0000009e564fd6f8, RBP=0x0000009e564fd760, RSI=0x000001b4f8944cb8, RDI=0x000001b4f9775a40
R8 =0x0000000000000004, R9 =0x0000000000000004, R10=0x00000008f4804290, R11=0x0000000000000009
R12=0x0000000000000000, R13=0x0000009e564fd6f8, R14=0x0000009e564fd798, R15=0x000001b4f8c52200
RIP=0x000001b4e7f53424, EFLAGS=0x0000000000010206


Register to memory mapping:

RIP=0x000001b4e7f53424 is at begin+65 in a stub
MethodHandle::interpreter_entry::_linkToVirtual [0x000001b4e7f533e3, 0x000001b4e7f5344a] (103 bytes)
RAX=0x000001b4e7f1ebb6 is at code_begin+4278 in an Interpreter codelet
return entry points  [0x000001b4e7f1db00, 0x000001b4e7f1f888]  7560 bytes
RBX=0x0000000705069858 is an oop: org.apache.catalina.connector.ResponseFacade 
{0x0000000705069858} - klass: 'org/apache/catalina/connector/ResponseFacade'
 - ---- fields (total size 2 words):
 - protected 'response' 'Lorg/apache/catalina/connector/Response;' @12  a 'org/apache/catalina/connector/Response'{0x0000000705069868} (0xe0a0d30d)
RCX=0x0000009e564fd718 is pointing into the stack for thread: 0x000001b4f8c52200
RDX=0x0000000000000005 is an unknown value
RSP=0x0000009e564fd6f8 is pointing into the stack for thread: 0x000001b4f8c52200
RBP=0x0000009e564fd760 is pointing into the stack for thread: 0x000001b4f8c52200
RSI=0x000001b4f8944cb8 points into unknown readable memory: 0x88000e53dddf7eca | ca 7e df dd 53 0e 00 88
RDI=0x000001b4f9775a40 points into unknown readable memory: 0x0000003000000090 | 90 00 00 00 30 00 00 00
R8 =0x0000000000000004 is an unknown value
R9 =0x0000000000000004 is an unknown value
R10=0x00000008f4804290 is an unknown value
R11=0x0000000000000009 is an unknown value
R12=0x0 is NULL
R13=0x0000009e564fd6f8 is pointing into the stack for thread: 0x000001b4f8c52200
R14=0x0000009e564fd798 is pointing into the stack for thread: 0x000001b4f8c52200
R15=0x000001b4f8c52200 is a thread


Top of Stack: (sp=0x0000009e564fd6f8)
0x0000009e564fd6f8:   000001b4e7f1ebb6 0000000705010428
0x0000009e564fd708:   0000000705010410 0000000704a009f8
0x0000009e564fd718:   0000009e564fd718 000001b4f4804290
0x0000009e564fd728:   0000009e564fd798 000001b4f48043c0
0x0000009e564fd738:   0000000703328be8 000000070364dba0
0x0000009e564fd748:   000001b4f48042a0 0000009e564fd6f8
0x0000009e564fd758:   0000009e564fd7a0 0000009e564fd818
0x0000009e564fd768:   000001b4e7f1ebb6 0000000705010518
0x0000009e564fd778:   0000000705069858 0000000705010428
0x0000009e564fd788:   0000000705010410 0000000704a009f8
0x0000009e564fd798:   00000007050104f0 000001b4e7f1ebb6
0x0000009e564fd7a8:   00000007067346a0 0000000706613bf0
0x0000009e564fd7b8:   00000007066140c8 00000007046bd4b8
0x0000009e564fd7c8:   0000000706750a60 0000009e564fd7d0
0x0000009e564fd7d8:   000001b4f5e3f345 0000009e564fd890
0x0000009e564fd7e8:   000001b4f5e3f478 0000000000000000
0x0000009e564fd7f8:   00000007050605b0 000001b4f5e3f358
0x0000009e564fd808:   0000009e564fd7a8 0000009e564fd8a0
0x0000009e564fd818:   0000009e564fdb50 000001b4e83ef99d
0x0000009e564fd828:   00000007050104f0 0000000704a009f8
0x0000009e564fd838:   00000007050105f8 0000000705069858
0x0000009e564fd848:   00000007050105d0 0000000705010428
0x0000009e564fd858:   00000007050105a8 0000000705010410
0x0000009e564fd868:   0000000705010580 0000000705069858
0x0000009e564fd878:   0000000705010428 0000000705010410
0x0000009e564fd888:   0000000704a009f8 0000000705010548
0x0000009e564fd898:   000001b4e83ee364 00000007067346a0
0x0000009e564fd8a8:   0000009e564fd8a8 000001b4f4f78d8a
0x0000009e564fd8b8:   0000009e564fd918 000001b4f4f77ce8
0x0000009e564fd8c8:   0000000000000000 0000000703b58fe0
0x0000009e564fd8d8:   000001b4f4f78e08 0000000000000000
0x0000009e564fd8e8:   0000009e564fd908 0000009e564fd968 

Instructions: (pc=0x000001b4e7f53424)
0x000001b4e7f53324:   b4 01 00 00 80 33 f5 e7 b4 01 00 00 00 44 f5 e7
0x000001b4e7f53334:   b4 01 00 00 70 33 f5 e7 b4 01 00 00 70 33 f5 e7
0x000001b4e7f53344:   b4 01 00 00 00 00 00 00 00 00 00 00 18 26 03 df
0x000001b4e7f53354:   fa 7f 00 00 f0 10 00 00 60 00 00 00 ff ff ff ff
0x000001b4e7f53364:   f0 10 00 00 00 00 00 00 00 00 00 00 00 00 00 00
0x000001b4e7f53374:   00 00 00 00 00 00 00 00 00 00 00 00 f4 66 66 66
0x000001b4e7f53384:   0f 1f 84 00 00 00 00 00 66 66 66 90 66 66 66 0f
0x000001b4e7f53394:   1f 84 00 00 00 00 00 66 66 66 90 90 48 8b 53 08
0x000001b4e7f533a4:   0f b7 52 2c 48 8b 0c d4 8b 59 14 48 c1 e3 03 8b
0x000001b4e7f533b4:   5b 28 48 c1 e3 03 8b 5b 24 48 c1 e3 03 48 8b 5b
0x000001b4e7f533c4:   10 48 85 db 0f 84 10 00 00 00 41 80 bf 08 05 00
0x000001b4e7f533d4:   00 00 74 03 ff 63 38 ff 63 50 e9 9d 16 00 00 66
0x000001b4e7f533e4:   66 66 0f 1f 84 00 00 00 00 00 66 66 66 90 66 66
0x000001b4e7f533f4:   0f 1f 84 00 00 00 00 00 66 66 66 90 48 8b 53 08
0x000001b4e7f53404:   0f b7 52 2c 48 8b 0c d4 58 5b 50 44 8b 51 08 49
0x000001b4e7f53414:   bb 00 00 00 00 08 00 00 00 4d 03 d3 4c 8b 5b 10
0x000001b4e7f53424:   4b 8b 9c da c0 01 00 00 48 85 db 0f 84 10 00 00
0x000001b4e7f53434:   00 41 80 bf 08 05 00 00 00 74 03 ff 63 38 ff 63
0x000001b4e7f53444:   50 e9 36 16 00 00 66 66 66 0f 1f 84 00 00 00 00
0x000001b4e7f53454:   00 66 66 66 90 0f 1f 80 00 00 00 00 58 5b 50 8b
0x000001b4e7f53464:   5b 24 48 c1 e3 03 48 8b 5b 10 48 85 db 0f 84 10
0x000001b4e7f53474:   00 00 00 41 80 bf 08 05 00 00 00 74 03 ff 63 38
0x000001b4e7f53484:   ff 63 50 e9 f4 15 00 00 66 66 66 0f 1f 84 00 00
0x000001b4e7f53494:   00 00 00 66 66 66 90 0f 1f 44 00 00 48 8b 53 08
0x000001b4e7f534a4:   0f b7 52 2c 48 8b 0c d4 58 5b 50 48 3b 01 8b 5b
0x000001b4e7f534b4:   24 48 c1 e3 03 48 8b 5b 10 48 85 db 0f 84 10 00
0x000001b4e7f534c4:   00 00 41 80 bf 08 05 00 00 00 74 03 ff 63 38 ff
0x000001b4e7f534d4:   63 50 e9 a5 15 00 00 0f 1f 44 00 00 48 8b 53 08
0x000001b4e7f534e4:   0f b7 52 2c 48 8b 0c d4 58 5b 50 44 8b 51 08 49
0x000001b4e7f534f4:   bb 00 00 00 00 08 00 00 00 4d 03 d3 8b 43 18 48
0x000001b4e7f53504:   c1 e0 03 48 8b 40 10 48 8b 5b 10 45 8b 9a a0 00
0x000001b4e7f53514:   00 00 4f 8d 9c da c0 01 00 00 4d 8d 14 da 49 8b 


Stack slot to memory mapping:
stack at sp + 0 slots: 0x000001b4e7f1ebb6 is at code_begin+4278 in an Interpreter codelet
return entry points  [0x000001b4e7f1db00, 0x000001b4e7f1f888]  7560 bytes
stack at sp + 1 slots: 0x0000000705010428 is an oop: org.springframework.validation.support.BindingAwareModelMap 
{0x0000000705010428} - klass: 'org/springframework/validation/support/BindingAwareModelMap'
 - ---- fields (total size 7 words):
 - transient 'keySet' 'Ljava/util/Set;' @12  NULL (0x00000000)
 - transient 'values' 'Ljava/util/Collection;' @16  NULL (0x00000000)
 - transient 'size' 'I' @20  0 (0x00000000)
 - transient 'modCount' 'I' @24  0 (0x00000000)
 - 'threshold' 'I' @28  0 (0x00000000)
 - final 'loadFactor' 'F' @32  0.750000 (0x3f400000)
 - transient 'table' '[Ljava/util/HashMap$Node;' @36  NULL (0x00000000)
 - transient 'entrySet' 'Ljava/util/Set;' @40  NULL (0x00000000)
 - final 'accessOrder' 'Z' @44  false (0x00)
 - transient 'head' 'Ljava/util/LinkedHashMap$Entry;' @48  NULL (0x00000000)
 - transient 'tail' 'Ljava/util/LinkedHashMap$Entry;' @52  NULL (0x00000000)
stack at sp + 2 slots: 0x0000000705010410 is an oop: java.lang.String 
{0x0000000705010410} - klass: 'java/lang/String'
 - string: "34288ea4-b404-4857-9f35-3efde7b9703a"
 - ---- fields (total size 3 words):
 - private 'hash' 'I' @12  0 (0x00000000)
 - private final 'coder' 'B' @16  0 (0x00)
 - private 'hashIsZero' 'Z' @17  false (0x00)
 - abstract internal 'flags' 'B' @18  0 (0x00)
 - private final synchronized 'value' '[B' @20  [B{0x000000070518e288} (0xe0a31c51)
stack at sp + 3 slots: 0x0000000704a009f8 is an oop: com.online.multishop.controller.InicioController 
{0x0000000704a009f8} - klass: 'com/online/multishop/controller/InicioController'
 - ---- fields (total size 5 words):
 - 'template' 'Lorg/springframework/web/client/RestTemplate;' @12  a 'org/springframework/web/client/RestTemplate'{0x0000000704a31d08} (0xe09463a1)
 - 'service' 'Lcom/online/multishop/service/ParametrosService;' @16  a 'com/online/multishop/service/ParametrosServiceImpl'{0x0000000704a009d8} (0xe094013b)
 - 'servicePagos' 'Lcom/online/multishop/service/ValidarPagoService;' @20  a 'com/online/multishop/service/ValidarPagoServiceImpl'{0x0000000704bc8de8} (0xe09791bd)
 - 'headers' 'Lorg/springframework/http/HttpHeaders;' @24  a 'org/springframework/http/HttpHeaders'{0x0000000704bfe188} (0xe097fc31)
 - 'gson' 'Lcom/google/gson/Gson;' @28  a 'com/google/gson/Gson'{0x0000000704bea920} (0xe097d524)
 - 'result' 'Lorg/springframework/http/ResponseEntity;' @32  NULL (0x00000000)
 - public 'ip' 'Ljava/lang/String;' @36  "127.0.0.1"{0x0000000704119ad0} (0xe082335a)
stack at sp + 4 slots: 0x0000009e564fd718 is pointing into the stack for thread: 0x000001b4f8c52200
stack at sp + 5 slots: 0x000001b4f4804290 is pointing into metadata
stack at sp + 6 slots: 0x0000009e564fd798 is pointing into the stack for thread: 0x000001b4f8c52200
stack at sp + 7 slots: 0x000001b4f48043c0 is pointing into metadata

MethodHandle::interpreter_entry::_linkToVirtual [0x000001b4e7f533e3, 0x000001b4e7f5344a] (103 bytes)
[MachCode]
  0x000001b4e7f533e3: 6666 660f | 1f84 0000 | 0000 0066 | 6666 9066 | 660f 1f84 | 0000 0000 | 0066 6666 | 9048 8b53 
  0x000001b4e7f53403: 080f b752 | 2c48 8b0c | d458 5b50 | 448b 5108 | 49bb 0000 | 0000 0800 | 0000 4d03 | d34c 8b5b 
  0x000001b4e7f53423: 104b 8b9c | dac0 0100 | 0048 85db | 0f84 1000 | 0000 4180 | bf08 0500 | 0000 7403 | ff63 38ff 
  0x000001b4e7f53443: 6350 e936 | 
[/MachCode]

---------------  P R O C E S S  ---------------

Threads class SMR info:
_java_thread_list=0x000001b4f8d4cf60, length=35, elements={
0x000001b4f2b2fd60, 0x000001b4f2b30a60, 0x000001b4f2b341f0, 0x000001b4f2b37cb0,
0x000001b4f2b385f0, 0x000001b4f2b39190, 0x000001b4f2b3d560, 0x000001b4f2b02430,
0x000001b4f756d470, 0x000001b4f758df90, 0x000001b4f758e4f0, 0x000001b4f7d14db0,
0x000001b4f7e0e500, 0x000001b4f7e083d0, 0x000001b4f7617150, 0x000001b4f8303f20,
0x000001b4f83156f0, 0x000001b4f8314700, 0x000001b4f8c4ece0, 0x000001b4f8c50cc0,
0x000001b4f8c50770, 0x000001b4f8c52ca0, 0x000001b4f8c4f230, 0x000001b4f8c51210,
0x000001b4f8c52200, 0x000001b4f8c4c7b0, 0x000001b4f8c4d7a0, 0x000001b4f8c52750,
0x000001b4f8c51cb0, 0x000001b4f8c51760, 0x000001b4f8c50220, 0x000001b4f8c4cd00,
0x000001b4f8c4bd10, 0x000001b4f8c4fcd0, 0x000001b4f8c4e240
}

Java Threads: ( => current thread )
  0x000001b4f2b2fd60 JavaThread "Reference Handler" daemon [_thread_blocked, id=43812, stack(0x0000009e54100000,0x0000009e54200000)]
  0x000001b4f2b30a60 JavaThread "Finalizer" daemon [_thread_blocked, id=3076, stack(0x0000009e54200000,0x0000009e54300000)]
  0x000001b4f2b341f0 JavaThread "Signal Dispatcher" daemon [_thread_blocked, id=20372, stack(0x0000009e54300000,0x0000009e54400000)]
  0x000001b4f2b37cb0 JavaThread "Attach Listener" daemon [_thread_blocked, id=37552, stack(0x0000009e54400000,0x0000009e54500000)]
  0x000001b4f2b385f0 JavaThread "Service Thread" daemon [_thread_blocked, id=46744, stack(0x0000009e54500000,0x0000009e54600000)]
  0x000001b4f2b39190 JavaThread "Monitor Deflation Thread" daemon [_thread_blocked, id=54556, stack(0x0000009e54600000,0x0000009e54700000)]
  0x000001b4f2b3d560 JavaThread "C1 CompilerThread0" daemon [_thread_blocked, id=14704, stack(0x0000009e54700000,0x0000009e54800000)]
  0x000001b4f2b02430 JavaThread "Common-Cleaner" daemon [_thread_blocked, id=37228, stack(0x0000009e54800000,0x0000009e54900000)]
  0x000001b4f756d470 JavaThread "JDWP Transport Listener: dt_socket" daemon [_thread_blocked, id=29764, stack(0x0000009e54b00000,0x0000009e54c00000)]
  0x000001b4f758df90 JavaThread "JDWP Event Helper Thread" daemon [_thread_blocked, id=28228, stack(0x0000009e54c00000,0x0000009e54d00000)]
  0x000001b4f758e4f0 JavaThread "JDWP Command Reader" daemon [_thread_in_native, id=32040, stack(0x0000009e54d00000,0x0000009e54e00000)]
  0x000001b4f7d14db0 JavaThread "Notification Thread" daemon [_thread_blocked, id=28964, stack(0x0000009e54e00000,0x0000009e54f00000)]
  0x000001b4f7e0e500 JavaThread "RMI TCP Accept-0" daemon [_thread_in_native, id=46532, stack(0x0000009e54f00000,0x0000009e55000000)]
  0x000001b4f7e083d0 JavaThread "RMI TCP Accept-56220" daemon [_thread_in_native, id=10208, stack(0x0000009e55000000,0x0000009e55100000)]
  0x000001b4f7617150 JavaThread "RMI TCP Accept-0" daemon [_thread_in_native, id=40740, stack(0x0000009e55800000,0x0000009e55900000)]
  0x000001b4f8303f20 JavaThread "RMI Scheduler(0)" daemon [_thread_blocked, id=51664, stack(0x0000009e55e00000,0x0000009e55f00000)]
  0x000001b4f83156f0 JavaThread "RMI TCP Connection(idle)" daemon [_thread_blocked, id=14440, stack(0x0000009e55f00000,0x0000009e56000000)]
  0x000001b4f8314700 JavaThread "JMX server connection timeout 41" daemon [_thread_blocked, id=54280, stack(0x0000009e56000000,0x0000009e56100000)]
  0x000001b4f8c4ece0 JavaThread "Live Reload Server" daemon [_thread_in_native, id=42280, stack(0x0000009e55a00000,0x0000009e55b00000)]
  0x000001b4f8c50cc0 JavaThread "DestroyJavaVM" [_thread_blocked, id=26360, stack(0x0000009e53a00000,0x0000009e53b00000)]
  0x000001b4f8c50770 JavaThread "Catalina-utility-1" [_thread_blocked, id=11988, stack(0x0000009e53900000,0x0000009e53a00000)]
  0x000001b4f8c52ca0 JavaThread "Catalina-utility-2" [_thread_blocked, id=27000, stack(0x0000009e54a00000,0x0000009e54b00000)]
  0x000001b4f8c4f230 JavaThread "container-0" [_thread_blocked, id=18056, stack(0x0000009e55b00000,0x0000009e55c00000)]
  0x000001b4f8c51210 JavaThread "http-nio-8080-exec-1" daemon [_thread_blocked, id=9660, stack(0x0000009e56300000,0x0000009e56400000)]
=>0x000001b4f8c52200 JavaThread "http-nio-8080-exec-2" daemon [_thread_in_Java, id=31720, stack(0x0000009e56400000,0x0000009e56500000)]
  0x000001b4f8c4c7b0 JavaThread "http-nio-8080-exec-3" daemon [_thread_blocked, id=26892, stack(0x0000009e56500000,0x0000009e56600000)]
  0x000001b4f8c4d7a0 JavaThread "http-nio-8080-exec-4" daemon [_thread_blocked, id=22380, stack(0x0000009e56600000,0x0000009e56700000)]
  0x000001b4f8c52750 JavaThread "http-nio-8080-exec-5" daemon [_thread_blocked, id=36652, stack(0x0000009e56700000,0x0000009e56800000)]
  0x000001b4f8c51cb0 JavaThread "http-nio-8080-exec-6" daemon [_thread_blocked, id=37112, stack(0x0000009e56800000,0x0000009e56900000)]
  0x000001b4f8c51760 JavaThread "http-nio-8080-exec-7" daemon [_thread_blocked, id=11796, stack(0x0000009e56900000,0x0000009e56a00000)]
  0x000001b4f8c50220 JavaThread "http-nio-8080-exec-8" daemon [_thread_blocked, id=55148, stack(0x0000009e56a00000,0x0000009e56b00000)]
  0x000001b4f8c4cd00 JavaThread "http-nio-8080-exec-9" daemon [_thread_blocked, id=17464, stack(0x0000009e56b00000,0x0000009e56c00000)]
  0x000001b4f8c4bd10 JavaThread "http-nio-8080-exec-10" daemon [_thread_blocked, id=14936, stack(0x0000009e56c00000,0x0000009e56d00000)]
  0x000001b4f8c4fcd0 JavaThread "http-nio-8080-Poller" daemon [_thread_in_native, id=46040, stack(0x0000009e56d00000,0x0000009e56e00000)]
  0x000001b4f8c4e240 JavaThread "Thread-95" [_thread_blocked, id=19420, stack(0x0000009e55c00000,0x0000009e55d00000)]

Other Threads:
  0x000001b4f2b17c20 VMThread "VM Thread" [stack: 0x0000009e54000000,0x0000009e54100000] [id=55092]
  0x000001b4f76176a0 WatcherThread "VM Periodic Task Thread" [stack: 0x0000009e55900000,0x0000009e55a00000] [id=23000]
  0x000001b4dfed3150 WorkerThread "GC Thread#0" [stack: 0x0000009e53b00000,0x0000009e53c00000] [id=4440]
  0x000001b4f7e26eb0 WorkerThread "GC Thread#1" [stack: 0x0000009e55100000,0x0000009e55200000] [id=47548]
  0x000001b4f7e27180 WorkerThread "GC Thread#2" [stack: 0x0000009e55200000,0x0000009e55300000] [id=20996]
  0x000001b4f7e27450 WorkerThread "GC Thread#3" [stack: 0x0000009e55300000,0x0000009e55400000] [id=34808]
  0x000001b4f7e27720 WorkerThread "GC Thread#4" [stack: 0x0000009e55400000,0x0000009e55500000] [id=39808]
  0x000001b4f7e02050 WorkerThread "GC Thread#5" [stack: 0x0000009e55500000,0x0000009e55600000] [id=25148]
  0x000001b4f7e8d780 WorkerThread "GC Thread#6" [stack: 0x0000009e55600000,0x0000009e55700000] [id=44404]
  0x000001b4f7e8d1e0 WorkerThread "GC Thread#7" [stack: 0x0000009e55700000,0x0000009e55800000] [id=46996]
  0x000001b4dfee5d50 ConcurrentGCThread "G1 Main Marker" [stack: 0x0000009e53c00000,0x0000009e53d00000] [id=6088]
  0x000001b4dfee7930 WorkerThread "G1 Conc#0" [stack: 0x0000009e53d00000,0x0000009e53e00000] [id=18344]
  0x000001b4f7e8cc40 WorkerThread "G1 Conc#1" [stack: 0x0000009e56200000,0x0000009e56300000] [id=46628]
  0x000001b4f29d6490 ConcurrentGCThread "G1 Refine#0" [stack: 0x0000009e53e00000,0x0000009e53f00000] [id=28712]
  0x000001b4f29d7e50 ConcurrentGCThread "G1 Service" [stack: 0x0000009e53f00000,0x0000009e54000000] [id=16408]

Threads with active compile tasks:

VM state: not at safepoint (normal execution)

VM Mutex/Monitor currently owned by a thread: None

Heap address: 0x0000000703200000, size: 4046 MB, Compressed Oops mode: Zero based, Oop shift amount: 3

CDS archive(s) mapped at: [0x0000000800000000-0x0000000800c60000-0x0000000800c60000), size 12976128, SharedBaseAddress: 0x0000000800000000, ArchiveRelocationMode: 0.
Compressed class space mapped at: 0x0000000801000000-0x0000000841000000, reserved size: 1073741824
Narrow klass base: 0x0000000800000000, Narrow klass shift: 0, Narrow klass range: 0x100000000

GC Precious Log:
 CardTable entry size: 512
 Card Set container configuration: InlinePtr #cards 4 size 8 Array Of Cards #cards 16 size 48 Howl #buckets 8 coarsen threshold 3686 Howl Bitmap #cards 512 size 80 coarsen threshold 460 Card regions per heap region 1 cards per card region 4096
 CPUs: 8 total, 8 available
 Memory: 16180M
 Large Page Support: Disabled
 NUMA Support: Disabled
 Compressed Oops: Enabled (Zero based)
 Heap Region Size: 2M
 Heap Min Capacity: 8M
 Heap Initial Capacity: 254M
 Heap Max Capacity: 4046M
 Pre-touch: Disabled
 Parallel Workers: 8
 Concurrent Workers: 2
 Concurrent Refinement Workers: 8
 Periodic GC: Disabled

Heap:
 garbage-first heap   total 61440K, used 36264K [0x0000000703200000, 0x0000000800000000)
  region size 2048K, 9 young (18432K), 1 survivors (2048K)
 Metaspace       used 50489K, committed 51328K, reserved 1114112K
  class space    used 6149K, committed 6592K, reserved 1048576K

Heap Regions: E=young(eden), S=young(survivor), O=old, HS=humongous(starts), HC=humongous(continues), CS=collection set, F=free, OA=open archive, CA=closed archive, TAMS=top-at-mark-start, PB=parsable bottom
|   0|0x0000000703200000, 0x00000007033ffff0, 0x0000000703400000| 99%| O|  |TAMS 0x0000000703200000| PB 0x0000000703200000| Untracked 
|   1|0x0000000703400000, 0x00000007035fa918, 0x0000000703600000| 98%| O|  |TAMS 0x0000000703400000| PB 0x0000000703400000| Untracked 
|   2|0x0000000703600000, 0x00000007037ff868, 0x0000000703800000| 99%| O|  |TAMS 0x0000000703600000| PB 0x0000000703600000| Untracked 
|   3|0x0000000703800000, 0x00000007039fe140, 0x0000000703a00000| 99%| O|  |TAMS 0x0000000703800000| PB 0x0000000703800000| Untracked 
|   4|0x0000000703a00000, 0x0000000703bfffe0, 0x0000000703c00000| 99%| O|  |TAMS 0x0000000703a00000| PB 0x0000000703a00000| Untracked 
|   5|0x0000000703c00000, 0x0000000703dffff8, 0x0000000703e00000| 99%| O|  |TAMS 0x0000000703c00000| PB 0x0000000703c00000| Untracked 
|   6|0x0000000703e00000, 0x0000000703ffff80, 0x0000000704000000| 99%| O|  |TAMS 0x0000000703e00000| PB 0x0000000703e00000| Untracked 
|   7|0x0000000704000000, 0x00000007041fffe8, 0x0000000704200000| 99%| O|  |TAMS 0x0000000704000000| PB 0x0000000704000000| Untracked 
|   8|0x0000000704200000, 0x0000000704399218, 0x0000000704400000| 79%| O|  |TAMS 0x0000000704200000| PB 0x0000000704200000| Untracked 
|   9|0x0000000704400000, 0x0000000704526eb0, 0x0000000704600000| 57%| O|  |TAMS 0x0000000704400000| PB 0x0000000704400000| Untracked 
|  10|0x0000000704600000, 0x0000000704600000, 0x0000000704800000|  0%| F|  |TAMS 0x0000000704600000| PB 0x0000000704600000| Untracked 
|  11|0x0000000704800000, 0x0000000704800000, 0x0000000704a00000|  0%| F|  |TAMS 0x0000000704800000| PB 0x0000000704800000| Untracked 
|  12|0x0000000704a00000, 0x0000000704c00000, 0x0000000704c00000|100%| O|  |TAMS 0x0000000704a00000| PB 0x0000000704a00000| Untracked 
|  13|0x0000000704c00000, 0x0000000704cb2000, 0x0000000704e00000| 34%| O|  |TAMS 0x0000000704c00000| PB 0x0000000704c00000| Untracked 
|  14|0x0000000704e00000, 0x0000000704e00000, 0x0000000705000000|  0%| F|  |TAMS 0x0000000704e00000| PB 0x0000000704e00000| Untracked 
|  15|0x0000000705000000, 0x0000000705200000, 0x0000000705200000|100%| S|CS|TAMS 0x0000000705000000| PB 0x0000000705000000| Complete 
|  16|0x0000000705200000, 0x0000000705200000, 0x0000000705400000|  0%| F|  |TAMS 0x0000000705200000| PB 0x0000000705200000| Untracked 
|  17|0x0000000705400000, 0x0000000705400000, 0x0000000705600000|  0%| F|  |TAMS 0x0000000705400000| PB 0x0000000705400000| Untracked 
|  18|0x0000000705600000, 0x0000000705600000, 0x0000000705800000|  0%| F|  |TAMS 0x0000000705600000| PB 0x0000000705600000| Untracked 
|  19|0x0000000705800000, 0x0000000705800000, 0x0000000705a00000|  0%| F|  |TAMS 0x0000000705800000| PB 0x0000000705800000| Untracked 
|  20|0x0000000705a00000, 0x0000000705a00000, 0x0000000705c00000|  0%| F|  |TAMS 0x0000000705a00000| PB 0x0000000705a00000| Untracked 
|  21|0x0000000705c00000, 0x0000000705c00000, 0x0000000705e00000|  0%| F|  |TAMS 0x0000000705c00000| PB 0x0000000705c00000| Untracked 
|  22|0x0000000705e00000, 0x0000000705e31d78, 0x0000000706000000|  9%| E|  |TAMS 0x0000000705e00000| PB 0x0000000705e00000| Complete 
|  23|0x0000000706000000, 0x0000000706200000, 0x0000000706200000|100%| E|CS|TAMS 0x0000000706000000| PB 0x0000000706000000| Complete 
|  24|0x0000000706200000, 0x0000000706400000, 0x0000000706400000|100%| E|CS|TAMS 0x0000000706200000| PB 0x0000000706200000| Complete 
|  25|0x0000000706400000, 0x0000000706600000, 0x0000000706600000|100%| E|CS|TAMS 0x0000000706400000| PB 0x0000000706400000| Complete 
|  26|0x0000000706600000, 0x0000000706800000, 0x0000000706800000|100%| E|  |TAMS 0x0000000706600000| PB 0x0000000706600000| Complete 
|  27|0x0000000706800000, 0x0000000706a00000, 0x0000000706a00000|100%| E|CS|TAMS 0x0000000706800000| PB 0x0000000706800000| Complete 
|  28|0x0000000706a00000, 0x0000000706c00000, 0x0000000706c00000|100%| E|CS|TAMS 0x0000000706a00000| PB 0x0000000706a00000| Complete 
|  29|0x0000000706c00000, 0x0000000706e00000, 0x0000000706e00000|100%| E|CS|TAMS 0x0000000706c00000| PB 0x0000000706c00000| Complete 

Card table byte_map: [0x000001b4eb800000,0x000001b4ebff0000] _byte_map_base: 0x000001b4e7fe7000

Marking Bits: (CMBitMap*) 0x000001b4dfed4790
 Bits: [0x000001b4ec7e0000, 0x000001b4f0718000)

Polling page: 0x000001b4dddc0000

Metaspace:

Usage:
  Non-class:     43.30 MB used.
      Class:      6.01 MB used.
       Both:     49.31 MB used.

Virtual space:
  Non-class space:       64.00 MB reserved,      43.69 MB ( 68%) committed,  1 nodes.
      Class space:        1.00 GB reserved,       6.44 MB ( <1%) committed,  1 nodes.
             Both:        1.06 GB reserved,      50.12 MB (  5%) committed. 

Chunk freelists:
   Non-Class:  239.00 KB
       Class:  1.57 MB
        Both:  1.80 MB

MaxMetaspaceSize: unlimited
CompressedClassSpaceSize: 1.00 GB
Initial GC threshold: 21.00 MB
Current GC threshold: 80.62 MB
CDS: on
MetaspaceReclaimPolicy: balanced
 - commit_granule_bytes: 65536.
 - commit_granule_words: 8192.
 - virtual_space_node_default_size: 8388608.
 - enlarge_chunks_in_place: 1.
 - new_chunks_are_fully_committed: 0.
 - uncommit_free_chunks: 1.
 - use_allocation_guard: 0.


Internal statistics:

num_allocs_failed_limit: 3.
num_arena_births: 3330.
num_arena_deaths: 2662.
num_vsnodes_births: 2.
num_vsnodes_deaths: 0.
num_space_committed: 804.
num_space_uncommitted: 2.
num_chunks_returned_to_freelist: 3243.
num_chunks_taken_from_freelist: 6430.
num_chunk_merges: 701.
num_chunk_splits: 2971.
num_chunks_enlarged: 1903.
num_inconsistent_stats: 0.

CodeCache: size=49152Kb used=15327Kb max_used=16431Kb free=33825Kb
 bounds [0x000001b4e7f00000, 0x000001b4e8f70000, 0x000001b4eaf00000]
 total_blobs=7810 nmethods=7194 adapters=540
 compilation: enabled
              stopped_count=0, restarted_count=0
 full_count=0

Compilation events (20 events):
Event: 7119.279 Thread 0x000001b4f2b3d560 11268       1       com.fasterxml.jackson.databind.introspect.POJOPropertiesCollector::getType (5 bytes)
Event: 7119.279 Thread 0x000001b4f2b3d560 nmethod 11268 0x000001b4e893c890 code [0x000001b4e893ca00, 0x000001b4e893cad0]
Event: 7119.279 Thread 0x000001b4f2b3d560 11269       1       com.fasterxml.jackson.databind.introspect.POJOPropertiesCollector::getClassDef (5 bytes)
Event: 7119.279 Thread 0x000001b4f2b3d560 nmethod 11269 0x000001b4e8965190 code [0x000001b4e8965300, 0x000001b4e89653d0]
Event: 7119.279 Thread 0x000001b4f2b3d560 11270       1       com.fasterxml.jackson.databind.introspect.POJOPropertiesCollector::getConfig (5 bytes)
Event: 7119.279 Thread 0x000001b4f2b3d560 nmethod 11270 0x000001b4e8a49490 code [0x000001b4e8a49600, 0x000001b4e8a496d0]
Event: 7139.938 Thread 0x000001b4f2b3d560 11271       1       java.util.ArrayList::checkForComodification (17 bytes)
Event: 7139.938 Thread 0x000001b4f2b3d560 nmethod 11271 0x000001b4e8f39890 code [0x000001b4e8f39a20, 0x000001b4e8f39ba8]
Event: 7139.963 Thread 0x000001b4f2b3d560 11272       1       java.nio.CharBuffer::mark (7 bytes)
Event: 7139.963 Thread 0x000001b4f2b3d560 nmethod 11272 0x000001b4e8a93090 code [0x000001b4e8a93200, 0x000001b4e8a932d0]
Event: 7143.494 Thread 0x000001b4f2b3d560 11273       1       org.springframework.web.servlet.mvc.method.RequestMappingInfoHandlerMapping::getMatchingMapping (10 bytes)
Event: 7143.494 Thread 0x000001b4f2b3d560 nmethod 11273 0x000001b4e8f39490 code [0x000001b4e8f39620, 0x000001b4e8f39758]
Event: 7143.494 Thread 0x000001b4f2b3d560 11274       1       org.springframework.web.servlet.mvc.method.RequestMappingInfoHandlerMapping::getMatchingMapping (6 bytes)
Event: 7143.494 Thread 0x000001b4f2b3d560 nmethod 11274 0x000001b4e86a4e90 code [0x000001b4e86a5020, 0x000001b4e86a5118]
Event: 7143.494 Thread 0x000001b4f2b3d560 11275       1       org.springframework.web.servlet.mvc.method.RequestMappingInfo::getMatchingCondition (182 bytes)
Event: 7143.495 Thread 0x000001b4f2b3d560 nmethod 11275 0x000001b4e8f38390 code [0x000001b4e8f38640, 0x000001b4e8f38f10]
Event: 7143.496 Thread 0x000001b4f2b3d560 11276       1       org.springframework.web.servlet.mvc.condition.RequestMethodsRequestCondition::getMatchingCondition (73 bytes)
Event: 7143.496 Thread 0x000001b4f2b3d560 nmethod 11276 0x000001b4e8f37c90 code [0x000001b4e8f37ea0, 0x000001b4e8f381e0]
Event: 7143.526 Thread 0x000001b4f2b3d560 11277       1       java.lang.invoke.LambdaForm$MH/0x0000000801632000::invoke (57 bytes)
Event: 7143.526 Thread 0x000001b4f2b3d560 nmethod 11277 0x000001b4e8f37610 code [0x000001b4e8f377c0, 0x000001b4e8f37a20]

GC Heap History (20 events):
Event: 6502.128 GC heap before
{Heap before GC invocations=107 (full 22):
 garbage-first heap   total 61440K, used 53764K [0x0000000703200000, 0x0000000800000000)
  region size 2048K, 15 young (30720K), 1 survivors (2048K)
 Metaspace       used 48537K, committed 49472K, reserved 1114112K
  class space    used 6114K, committed 6592K, reserved 1048576K
}
Event: 6502.129 GC heap after
{Heap after GC invocations=108 (full 22):
 garbage-first heap   total 61440K, used 24656K [0x0000000703200000, 0x0000000800000000)
  region size 2048K, 1 young (2048K), 1 survivors (2048K)
 Metaspace       used 48537K, committed 49472K, reserved 1114112K
  class space    used 6114K, committed 6592K, reserved 1048576K
}
Event: 6604.718 GC heap before
{Heap before GC invocations=108 (full 22):
 garbage-first heap   total 61440K, used 53328K [0x0000000703200000, 0x0000000800000000)
  region size 2048K, 15 young (30720K), 1 survivors (2048K)
 Metaspace       used 48537K, committed 49472K, reserved 1114112K
  class space    used 6114K, committed 6592K, reserved 1048576K
}
Event: 6604.722 GC heap after
{Heap after GC invocations=109 (full 22):
 garbage-first heap   total 61440K, used 24695K [0x0000000703200000, 0x0000000800000000)
  region size 2048K, 1 young (2048K), 1 survivors (2048K)
 Metaspace       used 48537K, committed 49472K, reserved 1114112K
  class space    used 6114K, committed 6592K, reserved 1048576K
}
Event: 6692.537 GC heap before
{Heap before GC invocations=109 (full 22):
 garbage-first heap   total 61440K, used 53367K [0x0000000703200000, 0x0000000800000000)
  region size 2048K, 15 young (30720K), 1 survivors (2048K)
 Metaspace       used 48589K, committed 49536K, reserved 1114112K
  class space    used 6126K, committed 6592K, reserved 1048576K
}
Event: 6692.539 GC heap after
{Heap after GC invocations=110 (full 22):
 garbage-first heap   total 61440K, used 24999K [0x0000000703200000, 0x0000000800000000)
  region size 2048K, 1 young (2048K), 1 survivors (2048K)
 Metaspace       used 48589K, committed 49536K, reserved 1114112K
  class space    used 6126K, committed 6592K, reserved 1048576K
}
Event: 6779.914 GC heap before
{Heap before GC invocations=110 (full 22):
 garbage-first heap   total 61440K, used 53671K [0x0000000703200000, 0x0000000800000000)
  region size 2048K, 15 young (30720K), 1 survivors (2048K)
 Metaspace       used 48589K, committed 49536K, reserved 1114112K
  class space    used 6126K, committed 6592K, reserved 1048576K
}
Event: 6779.920 GC heap after
{Heap after GC invocations=111 (full 22):
 garbage-first heap   total 61440K, used 24882K [0x0000000703200000, 0x0000000800000000)
  region size 2048K, 1 young (2048K), 1 survivors (2048K)
 Metaspace       used 48589K, committed 49536K, reserved 1114112K
  class space    used 6126K, committed 6592K, reserved 1048576K
}
Event: 6880.475 GC heap before
{Heap before GC invocations=111 (full 22):
 garbage-first heap   total 61440K, used 53554K [0x0000000703200000, 0x0000000800000000)
  region size 2048K, 15 young (30720K), 1 survivors (2048K)
 Metaspace       used 48589K, committed 49536K, reserved 1114112K
  class space    used 6126K, committed 6592K, reserved 1048576K
}
Event: 6880.476 GC heap after
{Heap after GC invocations=112 (full 22):
 garbage-first heap   total 61440K, used 24629K [0x0000000703200000, 0x0000000800000000)
  region size 2048K, 1 young (2048K), 1 survivors (2048K)
 Metaspace       used 48589K, committed 49536K, reserved 1114112K
  class space    used 6126K, committed 6592K, reserved 1048576K
}
Event: 6968.258 GC heap before
{Heap before GC invocations=112 (full 22):
 garbage-first heap   total 61440K, used 53301K [0x0000000703200000, 0x0000000800000000)
  region size 2048K, 15 young (30720K), 1 survivors (2048K)
 Metaspace       used 48599K, committed 49536K, reserved 1114112K
  class space    used 6127K, committed 6592K, reserved 1048576K
}
Event: 6968.259 GC heap after
{Heap after GC invocations=113 (full 22):
 garbage-first heap   total 61440K, used 24702K [0x0000000703200000, 0x0000000800000000)
  region size 2048K, 1 young (2048K), 1 survivors (2048K)
 Metaspace       used 48599K, committed 49536K, reserved 1114112K
  class space    used 6127K, committed 6592K, reserved 1048576K
}
Event: 7071.219 GC heap before
{Heap before GC invocations=113 (full 22):
 garbage-first heap   total 61440K, used 53374K [0x0000000703200000, 0x0000000800000000)
  region size 2048K, 15 young (30720K), 1 survivors (2048K)
 Metaspace       used 48605K, committed 49536K, reserved 1114112K
  class space    used 6128K, committed 6592K, reserved 1048576K
}
Event: 7071.220 GC heap after
{Heap after GC invocations=114 (full 22):
 garbage-first heap   total 61440K, used 24685K [0x0000000703200000, 0x0000000800000000)
  region size 2048K, 1 young (2048K), 1 survivors (2048K)
 Metaspace       used 48605K, committed 49536K, reserved 1114112K
  class space    used 6128K, committed 6592K, reserved 1048576K
}
Event: 7104.694 GC heap before
{Heap before GC invocations=114 (full 22):
 garbage-first heap   total 61440K, used 36973K [0x0000000703200000, 0x0000000800000000)
  region size 2048K, 9 young (18432K), 1 survivors (2048K)
 Metaspace       used 48692K, committed 49600K, reserved 1114112K
  class space    used 6130K, committed 6592K, reserved 1048576K
}
Event: 7104.736 GC heap after
{Heap after GC invocations=115 (full 23):
 garbage-first heap   total 61440K, used 19168K [0x0000000703200000, 0x0000000800000000)
  region size 2048K, 0 young (0K), 0 survivors (0K)
 Metaspace       used 48442K, committed 49536K, reserved 1114112K
  class space    used 6068K, committed 6592K, reserved 1048576K
}
Event: 7106.093 GC heap before
{Heap before GC invocations=115 (full 23):
 garbage-first heap   total 61440K, used 53984K [0x0000000703200000, 0x0000000800000000)
  region size 2048K, 18 young (36864K), 0 survivors (0K)
 Metaspace       used 48834K, committed 49728K, reserved 1114112K
  class space    used 6130K, committed 6592K, reserved 1048576K
}
Event: 7106.131 GC heap after
{Heap after GC invocations=116 (full 23):
 garbage-first heap   total 61440K, used 22491K [0x0000000703200000, 0x0000000800000000)
  region size 2048K, 2 young (4096K), 2 survivors (4096K)
 Metaspace       used 48834K, committed 49728K, reserved 1114112K
  class space    used 6130K, committed 6592K, reserved 1048576K
}
Event: 7174.835 GC heap before
{Heap before GC invocations=116 (full 23):
 garbage-first heap   total 61440K, used 51163K [0x0000000703200000, 0x0000000800000000)
  region size 2048K, 16 young (32768K), 2 survivors (4096K)
 Metaspace       used 48912K, committed 49792K, reserved 1114112K
  class space    used 6148K, committed 6592K, reserved 1048576K
}
Event: 7174.838 GC heap after
{Heap after GC invocations=117 (full 23):
 garbage-first heap   total 61440K, used 23976K [0x0000000703200000, 0x0000000800000000)
  region size 2048K, 1 young (2048K), 1 survivors (2048K)
 Metaspace       used 48912K, committed 49792K, reserved 1114112K
  class space    used 6148K, committed 6592K, reserved 1048576K
}

Dll operation events (13 events):
Event: 0.008 Loaded shared library C:\Curso\java\jdk-20\bin\java.dll
Event: 0.017 Loaded shared library C:\Curso\java\jdk-20\bin\jsvml.dll
Event: 0.217 Loaded shared library C:\Curso\java\jdk-20\bin\zip.dll
Event: 0.219 Loaded shared library C:\Curso\java\jdk-20\bin\instrument.dll
Event: 0.224 Loaded shared library C:\Curso\java\jdk-20\bin\net.dll
Event: 0.224 Loaded shared library C:\Curso\java\jdk-20\bin\nio.dll
Event: 0.227 Loaded shared library C:\Curso\java\jdk-20\bin\zip.dll
Event: 0.319 Loaded shared library C:\Curso\java\jdk-20\bin\jimage.dll
Event: 0.358 Loaded shared library C:\Curso\java\jdk-20\bin\management.dll
Event: 0.367 Loaded shared library C:\Curso\java\jdk-20\bin\management_ext.dll
Event: 0.571 Loaded shared library C:\Curso\java\jdk-20\bin\extnet.dll
Event: 0.592 Loaded shared library C:\Curso\java\jdk-20\bin\verify.dll
Event: 2.622 Loaded shared library C:\Curso\java\jdk-20\bin\sunmscapi.dll

Deoptimization events (20 events):
Event: 7198.902 Thread 0x000001b4f8c4f780 DEOPT PACKING pc=0x000001b4e83687f4 sp=0x0000009e561ff120
Event: 7198.902 Thread 0x000001b4f8c4f780 DEOPT UNPACKING pc=0x000001b4e7f6a4c2 sp=0x0000009e561fe5e8 mode 1
Event: 7198.902 Thread 0x000001b4f8c4f780 DEOPT PACKING pc=0x000001b4e8672ff4 sp=0x0000009e561ff1b0
Event: 7198.902 Thread 0x000001b4f8c4f780 DEOPT UNPACKING pc=0x000001b4e7f6a4c2 sp=0x0000009e561fe688 mode 1
Event: 7198.902 Thread 0x000001b4f8c4f780 DEOPT PACKING pc=0x000001b4e844fc49 sp=0x0000009e561fe6a0
Event: 7198.902 Thread 0x000001b4f8c4f780 DEOPT UNPACKING pc=0x000001b4e7f6a4c2 sp=0x0000009e561fdaf8 mode 1
Event: 7198.902 Thread 0x000001b4f8c4f780 DEOPT PACKING pc=0x000001b4e844358c sp=0x0000009e561fe730
Event: 7198.902 Thread 0x000001b4f8c4f780 DEOPT UNPACKING pc=0x000001b4e7f6a4c2 sp=0x0000009e561fdbd8 mode 1
Event: 7198.902 Thread 0x000001b4f8c4f780 DEOPT PACKING pc=0x000001b4e83687f4 sp=0x0000009e561ff120
Event: 7198.902 Thread 0x000001b4f8c4f780 DEOPT UNPACKING pc=0x000001b4e7f6a4c2 sp=0x0000009e561fe5e8 mode 1
Event: 7198.902 Thread 0x000001b4f8c4f780 DEOPT PACKING pc=0x000001b4e83684ec sp=0x0000009e561ff1b0
Event: 7198.902 Thread 0x000001b4f8c4f780 DEOPT UNPACKING pc=0x000001b4e7f6a4c2 sp=0x0000009e561fe688 mode 1
Event: 7198.902 Thread 0x000001b4f8c4f780 DEOPT PACKING pc=0x000001b4e8140ddc sp=0x0000009e561ff2e0
Event: 7198.902 Thread 0x000001b4f8c4f780 DEOPT UNPACKING pc=0x000001b4e7f6a4c2 sp=0x0000009e561fe800 mode 1
Event: 7198.915 Thread 0x000001b4f8c4e240 DEOPT PACKING pc=0x000001b4e8558594 sp=0x0000009e55cfe1f0
Event: 7198.915 Thread 0x000001b4f8c4e240 DEOPT UNPACKING pc=0x000001b4e7f6a4c2 sp=0x0000009e55cfd6f8 mode 1
Event: 7198.915 Thread 0x000001b4f8c4e240 DEOPT PACKING pc=0x000001b4e8c3b70c sp=0x0000009e55cfe330
Event: 7198.915 Thread 0x000001b4f8c4e240 DEOPT UNPACKING pc=0x000001b4e7f6a4c2 sp=0x0000009e55cfd8e8 mode 1
Event: 7198.915 Thread 0x000001b4f8c4e240 DEOPT PACKING pc=0x000001b4e8c3d394 sp=0x0000009e55cfe4b0
Event: 7198.915 Thread 0x000001b4f8c4e240 DEOPT UNPACKING pc=0x000001b4e7f6a4c2 sp=0x0000009e55cfd9e8 mode 1

Classes loaded (20 events):
Event: 4422.575 Loading class jdk/internal/reflect/AccessorUtils
Event: 4422.575 Loading class jdk/internal/reflect/AccessorUtils done
Event: 4983.038 Loading class java/time/DurationEditor
Event: 4983.038 Loading class java/time/DurationEditor done
Event: 5332.715 Loading class java/time/DurationEditor
Event: 5332.715 Loading class java/time/DurationEditor done
Event: 5415.679 Loading class java/time/DurationEditor
Event: 5415.679 Loading class java/time/DurationEditor done
Event: 5437.129 Loading class java/lang/StringIndexOutOfBoundsException
Event: 5437.130 Loading class java/lang/StringIndexOutOfBoundsException done
Event: 5572.097 Loading class java/time/DurationEditor
Event: 5572.097 Loading class java/time/DurationEditor done
Event: 5748.234 Loading class java/time/DurationEditor
Event: 5748.234 Loading class java/time/DurationEditor done
Event: 6066.893 Loading class java/time/DurationEditor
Event: 6066.893 Loading class java/time/DurationEditor done
Event: 6253.909 Loading class java/time/DurationEditor
Event: 6253.909 Loading class java/time/DurationEditor done
Event: 7106.073 Loading class java/time/DurationEditor
Event: 7106.073 Loading class java/time/DurationEditor done

Classes unloaded (20 events):
Event: 7104.708 Thread 0x000001b4f2b17c20 Unloading class 0x0000000801644000 'java/lang/invoke/LambdaForm$MH+0x0000000801644000'
Event: 7104.708 Thread 0x000001b4f2b17c20 Unloading class 0x0000000801643000 'java/lang/invoke/LambdaForm$MH+0x0000000801643000'
Event: 7104.708 Thread 0x000001b4f2b17c20 Unloading class 0x0000000801642c00 'java/lang/invoke/LambdaForm$MH+0x0000000801642c00'
Event: 7104.708 Thread 0x000001b4f2b17c20 Unloading class 0x0000000801641c00 'java/lang/invoke/LambdaForm$MH+0x0000000801641c00'
Event: 7104.708 Thread 0x000001b4f2b17c20 Unloading class 0x0000000801641800 'java/lang/invoke/LambdaForm$MH+0x0000000801641800'
Event: 7104.708 Thread 0x000001b4f2b17c20 Unloading class 0x0000000801640800 'java/lang/invoke/LambdaForm$MH+0x0000000801640800'
Event: 7104.708 Thread 0x000001b4f2b17c20 Unloading class 0x000000080164bc00 'org/apache/catalina/loader/JdbcLeakPrevention'
Event: 7104.708 Thread 0x000001b4f2b17c20 Unloading class 0x0000000801613000 'java/lang/invoke/LambdaForm$MH+0x0000000801613000'
Event: 7104.708 Thread 0x000001b4f2b17c20 Unloading class 0x0000000801009c00 'java/lang/invoke/LambdaForm$MH+0x0000000801009c00'
Event: 7104.708 Thread 0x000001b4f2b17c20 Unloading class 0x0000000801007c00 'java/lang/invoke/LambdaForm$MH+0x0000000801007c00'
Event: 7104.708 Thread 0x000001b4f2b17c20 Unloading class 0x00000008015aa800 'java/lang/invoke/LambdaForm$MH+0x00000008015aa800'
Event: 7104.708 Thread 0x000001b4f2b17c20 Unloading class 0x000000080118d000 'java/lang/invoke/LambdaForm$MH+0x000000080118d000'
Event: 7104.708 Thread 0x000001b4f2b17c20 Unloading class 0x00000008015e3000 'java/lang/invoke/LambdaForm$MH+0x00000008015e3000'
Event: 7104.708 Thread 0x000001b4f2b17c20 Unloading class 0x0000000801603400 'java/lang/invoke/LambdaForm$MH+0x0000000801603400'
Event: 7104.708 Thread 0x000001b4f2b17c20 Unloading class 0x0000000801609c00 'java/lang/invoke/LambdaForm$MH+0x0000000801609c00'
Event: 7104.708 Thread 0x000001b4f2b17c20 Unloading class 0x000000080160b800 'java/lang/invoke/LambdaForm$MH+0x000000080160b800'
Event: 7104.709 Thread 0x000001b4f2b17c20 Unloading class 0x0000000801628c00 'java/lang/invoke/LambdaForm$MH+0x0000000801628c00'
Event: 7104.709 Thread 0x000001b4f2b17c20 Unloading class 0x0000000801629c00 'java/lang/invoke/LambdaForm$MH+0x0000000801629c00'
Event: 7104.709 Thread 0x000001b4f2b17c20 Unloading class 0x000000080162a400 'java/lang/invoke/LambdaForm$MH+0x000000080162a400'
Event: 7104.709 Thread 0x000001b4f2b17c20 Unloading class 0x0000000801630800 'java/lang/invoke/LambdaForm$MH+0x0000000801630800'

Classes redefined (20 events):
Event: 7199.012 Thread 0x000001b4f2b17c20 redefined class name=com.online.multishop.controller.InicioController, count=1
Event: 7199.012 Thread 0x000001b4f2b17c20 redefined class name=com.online.multishop.controller.InicioController, count=1
Event: 7199.012 Thread 0x000001b4f2b17c20 redefined class name=com.online.multishop.controller.InicioController, count=1
Event: 7199.012 Thread 0x000001b4f2b17c20 redefined class name=com.online.multishop.controller.InicioController, count=1
Event: 7199.012 Thread 0x000001b4f2b17c20 redefined class name=com.online.multishop.controller.InicioController, count=1
Event: 7199.012 Thread 0x000001b4f2b17c20 redefined class name=com.online.multishop.controller.InicioController, count=1
Event: 7199.012 Thread 0x000001b4f2b17c20 redefined class name=com.online.multishop.controller.InicioController, count=1
Event: 7199.012 Thread 0x000001b4f2b17c20 redefined class name=com.online.multishop.controller.InicioController, count=1
Event: 7199.012 Thread 0x000001b4f2b17c20 redefined class name=com.online.multishop.controller.InicioController, count=2
Event: 7199.012 Thread 0x000001b4f2b17c20 redefined class name=com.online.multishop.controller.InicioController, count=1
Event: 7199.012 Thread 0x000001b4f2b17c20 redefined class name=com.online.multishop.controller.InicioController, count=1
Event: 7199.012 Thread 0x000001b4f2b17c20 redefined class name=com.online.multishop.controller.InicioController, count=1
Event: 7199.013 Thread 0x000001b4f2b17c20 redefined class name=com.online.multishop.controller.InicioController, count=1
Event: 7199.013 Thread 0x000001b4f2b17c20 redefined class name=com.online.multishop.controller.InicioController, count=1
Event: 7199.013 Thread 0x000001b4f2b17c20 redefined class name=com.online.multishop.controller.InicioController, count=1
Event: 7199.013 Thread 0x000001b4f2b17c20 redefined class name=com.online.multishop.controller.InicioController, count=1
Event: 7199.013 Thread 0x000001b4f2b17c20 redefined class name=com.online.multishop.controller.InicioController, count=2
Event: 7199.013 Thread 0x000001b4f2b17c20 redefined class name=com.online.multishop.controller.InicioController, count=1
Event: 7199.013 Thread 0x000001b4f2b17c20 redefined class name=com.online.multishop.controller.InicioController, count=1
Event: 7199.013 Thread 0x000001b4f2b17c20 redefined class name=com.online.multishop.controller.InicioController, count=1

Internal exceptions (20 events):
Event: 6882.356 Thread 0x000001b4f8c50220 Exception <a 'java/net/ConnectException'{0x0000000706aa3a88}: Connection refused: connect> (0x0000000706aa3a88) 
thrown [s\open\src\hotspot\share\prims\jni.cpp, line 538]
Event: 6882.357 Thread 0x000001b4f8c50220 Exception <a 'java/net/ConnectException'{0x0000000706aaa950}: Connection refused: connect> (0x0000000706aaa950) 
thrown [s\open\src\hotspot\share\prims\jni.cpp, line 538]
Event: 6883.460 Thread 0x000001b4f8c4cd00 Exception <a 'java/net/ConnectException'{0x0000000706b71748}: Connection refused: connect> (0x0000000706b71748) 
thrown [s\open\src\hotspot\share\prims\jni.cpp, line 538]
Event: 6883.461 Thread 0x000001b4f8c4cd00 Exception <a 'java/net/ConnectException'{0x0000000706b74528}: Connection refused: connect> (0x0000000706b74528) 
thrown [s\open\src\hotspot\share\prims\jni.cpp, line 538]
Event: 6883.961 Thread 0x000001b4f8c4e240 Exception <a 'java/net/ConnectException'{0x00000007068beab0}: Connection refused: connect> (0x00000007068beab0) 
thrown [s\open\src\hotspot\share\prims\jni.cpp, line 538]
Event: 6883.962 Thread 0x000001b4f8c4e240 Exception <a 'java/net/ConnectException'{0x00000007068bf860}: Connection refused: connect> (0x00000007068bf860) 
thrown [s\open\src\hotspot\share\prims\jni.cpp, line 538]
Event: 6959.933 Thread 0x000001b4f83156f0 Exception <a 'java/lang/NoSuchMethodError'{0x0000000705213e68}: static [B.<clinit>()V> (0x0000000705213e68) 
thrown [s\open\src\hotspot\share\prims\jni.cpp, line 1105]
Event: 6984.283 Thread 0x000001b4f8c52750 Exception <a 'java/net/SocketException'{0x00000007068ba098}: Connection reset by peer: shutdown> (0x00000007068ba098) 
thrown [s\open\src\hotspot\share\prims\jni.cpp, line 538]
Event: 7104.693 Thread 0x000001b4f8c4d7a0 Exception <a 'java/lang/InterruptedException'{0x0000000705e2aef0}: sleep interrupted> (0x0000000705e2aef0) 
thrown [s\open\src\hotspot\share\prims\jvm.cpp, line 3086]
Event: 7104.736 Thread 0x000001b4f2b30a60 Exception <a 'java/net/SocketException'{0x0000000706c06a80}: Connection reset by peer: shutdown> (0x0000000706c06a80) 
thrown [s\open\src\hotspot\share\prims\jni.cpp, line 538]
Event: 7104.758 Thread 0x000001b4f8c4e240 Exception <a 'sun/nio/fs/WindowsException'{0x0000000706cae468}> (0x0000000706cae468) 
thrown [s\open\src\hotspot\share\prims\jni.cpp, line 519]
Event: 7105.017 Thread 0x000001b4f8c4e240 Exception <a 'java/lang/NoClassDefFoundError'{0x0000000705849228}: org/flywaydb/core/Flyway> (0x0000000705849228) 
thrown [s\open\src\hotspot\share\oops\constantPool.cpp, line 848]
Event: 7105.867 Thread 0x000001b4f8c4e240 Exception <a 'java/lang/NoClassDefFoundError'{0x0000000705849888}: liquibase/integration/spring/SpringLiquibase> (0x0000000705849888) 
thrown [s\open\src\hotspot\share\oops\constantPool.cpp, line 848]
Event: 7105.877 Thread 0x000001b4f8c4e240 Exception <a 'java/lang/NoSuchMethodError'{0x0000000705939778}: 'void java.lang.invoke.DelegatingMethodHandle$Holder.reinvoke_L(java.lang.Object, java.lang.Object, int)'> (0x0000000705939778) 
thrown [s\open\src\hotspot\share\interpreter\linkResolver.cpp, line 773]
Event: 7105.894 Thread 0x000001b4f8c4e240 Exception <a 'java/lang/NoSuchMethodError'{0x0000000705761130}: 'int java.lang.invoke.DirectMethodHandle$Holder.invokeVirtual(java.lang.Object, java.lang.Object, java.lang.Object, java.lang.Object)'> (0x0000000705761130) 
thrown [s\open\src\hotspot\share\interpreter\linkResolver.cpp, line 773]
Event: 7105.894 Thread 0x000001b4f8c4e240 Exception <a 'java/lang/NoSuchMethodError'{0x00000007057646f8}: 'int java.lang.invoke.DelegatingMethodHandle$Holder.reinvoke_L(java.lang.Object, java.lang.Object, java.lang.Object, java.lang.Object)'> (0x00000007057646f8) 
thrown [s\open\src\hotspot\share\interpreter\linkResolver.cpp, line 773]
Event: 7105.916 Thread 0x000001b4f8c4e240 Exception <a 'java/io/FileNotFoundException'{0x0000000705026f90}> (0x0000000705026f90) 
thrown [s\open\src\hotspot\share\prims\jni.cpp, line 519]
Event: 7105.925 Thread 0x000001b4f8c4e240 Exception <a 'java/io/FileNotFoundException'{0x0000000705198868}> (0x0000000705198868) 
thrown [s\open\src\hotspot\share\prims\jni.cpp, line 519]
Event: 7105.930 Thread 0x000001b4f8c4e240 Exception <a 'java/io/FileNotFoundException'{0x00000007051f1f98}> (0x00000007051f1f98) 
thrown [s\open\src\hotspot\share\prims\jni.cpp, line 519]
Event: 7129.896 Thread 0x000001b4f8c51210 Exception <a 'java/lang/NullPointerException'{0x0000000706155108}> (0x0000000706155108) 
thrown [s\open\src\hotspot\share\interpreter\linkResolver.cpp, line 1373]

VM Operations (20 events):
Event: 7199.494 Executing VM operation: ChangeBreakpoints
Event: 7199.495 Executing VM operation: ChangeBreakpoints done
Event: 7199.497 Executing VM operation: ChangeBreakpoints
Event: 7199.498 Executing VM operation: ChangeBreakpoints done
Event: 7199.500 Executing VM operation: ChangeBreakpoints
Event: 7199.502 Executing VM operation: ChangeBreakpoints done
Event: 7199.503 Executing VM operation: ChangeBreakpoints
Event: 7199.505 Executing VM operation: ChangeBreakpoints done
Event: 7199.507 Executing VM operation: ChangeBreakpoints
Event: 7199.509 Executing VM operation: ChangeBreakpoints done
Event: 7199.510 Executing VM operation: ChangeBreakpoints
Event: 7199.512 Executing VM operation: ChangeBreakpoints done
Event: 7199.513 Executing VM operation: ChangeBreakpoints
Event: 7199.515 Executing VM operation: ChangeBreakpoints done
Event: 7199.517 Executing VM operation: ChangeBreakpoints
Event: 7199.518 Executing VM operation: ChangeBreakpoints done
Event: 7199.520 Executing VM operation: ChangeBreakpoints
Event: 7199.522 Executing VM operation: ChangeBreakpoints done
Event: 7199.525 Executing VM operation: ChangeSingleStep
Event: 7199.525 Executing VM operation: ChangeSingleStep done

Events (20 events):
Event: 7106.189 Thread 0x000001b4f8c4f780 Thread added: 0x000001b4f8c4f780
Event: 7106.195 Thread 0x000001b4f8c51210 Thread added: 0x000001b4f8c51210
Event: 7106.195 Thread 0x000001b4f8c52200 Thread added: 0x000001b4f8c52200
Event: 7106.195 Thread 0x000001b4f8c4c7b0 Thread added: 0x000001b4f8c4c7b0
Event: 7106.195 Thread 0x000001b4f8c4d7a0 Thread added: 0x000001b4f8c4d7a0
Event: 7106.196 Thread 0x000001b4f8c52750 Thread added: 0x000001b4f8c52750
Event: 7106.196 Thread 0x000001b4f8c51cb0 Thread added: 0x000001b4f8c51cb0
Event: 7106.196 Thread 0x000001b4f8c51760 Thread added: 0x000001b4f8c51760
Event: 7106.196 Thread 0x000001b4f8c50220 Thread added: 0x000001b4f8c50220
Event: 7106.196 Thread 0x000001b4f8c4cd00 Thread added: 0x000001b4f8c4cd00
Event: 7106.196 Thread 0x000001b4f8c4bd10 Thread added: 0x000001b4f8c4bd10
Event: 7106.197 Thread 0x000001b4f8c4fcd0 Thread added: 0x000001b4f8c4fcd0
Event: 7106.197 Thread 0x000001b4f8c4dcf0 Thread added: 0x000001b4f8c4dcf0
Event: 7106.202 Thread 0x000001b4f8c4e240 Thread exited: 0x000001b4f8c4e240
Event: 7106.202 Thread 0x000001b4f8c4e790 Thread exited: 0x000001b4f8c4e790
Event: 7111.304 Thread 0x000001b4f99aed90 Thread exited: 0x000001b4f99aed90
Event: 7111.304 Thread 0x000001b4f7cad3f0 Thread exited: 0x000001b4f7cad3f0
Event: 7198.902 Thread 0x000001b4f8c4e240 Thread added: 0x000001b4f8c4e240
Event: 7198.902 Thread 0x000001b4f8c4f780 Thread exited: 0x000001b4f8c4f780
Event: 7198.915 Thread 0x000001b4f8c4dcf0 Thread exited: 0x000001b4f8c4dcf0


Dynamic libraries:
0x00007ff7a22a0000 - 0x00007ff7a22ae000 	C:\Curso\java\jdk-20\bin\javaw.exe
0x00007ffb30f90000 - 0x00007ffb311a7000 	C:\WINDOWS\SYSTEM32\ntdll.dll
0x00007ffb302e0000 - 0x00007ffb303a4000 	C:\WINDOWS\System32\KERNEL32.DLL
0x00007ffb2e7a0000 - 0x00007ffb2eb4e000 	C:\WINDOWS\System32\KERNELBASE.dll
0x00007ffb26a20000 - 0x00007ffb26ab7000 	C:\WINDOWS\SYSTEM32\apphelp.dll
0x00007ffb2e310000 - 0x00007ffb2e421000 	C:\WINDOWS\System32\ucrtbase.dll
0x00007ffb2b3f0000 - 0x00007ffb2b407000 	C:\Curso\java\jdk-20\bin\jli.dll
0x00007ffb2b3d0000 - 0x00007ffb2b3eb000 	C:\Curso\java\jdk-20\bin\VCRUNTIME140.dll
0x00007ffb30130000 - 0x00007ffb302dd000 	C:\WINDOWS\System32\USER32.dll
0x00007ffb15b30000 - 0x00007ffb15dc3000 	C:\WINDOWS\WinSxS\amd64_microsoft.windows.common-controls_6595b64144ccf1df_6.0.23590.1000_none_ebcfe7d8fe46a426\COMCTL32.dll
0x00007ffb2ecc0000 - 0x00007ffb2ece6000 	C:\WINDOWS\System32\win32u.dll
0x00007ffb30b10000 - 0x00007ffb30bb7000 	C:\WINDOWS\System32\msvcrt.dll
0x00007ffb2f0e0000 - 0x00007ffb2f109000 	C:\WINDOWS\System32\GDI32.dll
0x00007ffb2e4f0000 - 0x00007ffb2e608000 	C:\WINDOWS\System32\gdi32full.dll
0x00007ffb2e610000 - 0x00007ffb2e6aa000 	C:\WINDOWS\System32\msvcp_win.dll
0x00007ffb2f3a0000 - 0x00007ffb2f3d1000 	C:\WINDOWS\System32\IMM32.DLL
0x00007ffb2b6a0000 - 0x00007ffb2b6ac000 	C:\Curso\java\jdk-20\bin\vcruntime140_1.dll
0x00007ffb2b340000 - 0x00007ffb2b3ce000 	C:\Curso\java\jdk-20\bin\msvcp140.dll
0x00007ffade6d0000 - 0x00007ffadf367000 	C:\Curso\java\jdk-20\bin\server\jvm.dll
0x00007ffb309e0000 - 0x00007ffb30a90000 	C:\WINDOWS\System32\ADVAPI32.dll
0x00007ffb30550000 - 0x00007ffb305f6000 	C:\WINDOWS\System32\sechost.dll
0x00007ffb30700000 - 0x00007ffb30817000 	C:\WINDOWS\System32\RPCRT4.dll
0x00007ffb2aea0000 - 0x00007ffb2aea9000 	C:\WINDOWS\SYSTEM32\WSOCK32.dll
0x00007ffb1e1b0000 - 0x00007ffb1e1ba000 	C:\WINDOWS\SYSTEM32\VERSION.dll
0x00007ffb2f130000 - 0x00007ffb2f1a1000 	C:\WINDOWS\System32\WS2_32.dll
0x00007ffb1c320000 - 0x00007ffb1c354000 	C:\WINDOWS\SYSTEM32\WINMM.dll
0x00007ffb2d3a0000 - 0x00007ffb2d3b8000 	C:\WINDOWS\SYSTEM32\kernel.appcore.dll
0x00007ffb2b330000 - 0x00007ffb2b33a000 	C:\Curso\java\jdk-20\bin\jimage.dll
0x00007ffb2bb50000 - 0x00007ffb2bd83000 	C:\WINDOWS\SYSTEM32\DBGHELP.DLL
0x00007ffb30bc0000 - 0x00007ffb30f4a000 	C:\WINDOWS\System32\combase.dll
0x00007ffb2f1b0000 - 0x00007ffb2f287000 	C:\WINDOWS\System32\OLEAUT32.dll
0x00007ffb1ee00000 - 0x00007ffb1ee32000 	C:\WINDOWS\SYSTEM32\dbgcore.DLL
0x00007ffb2e720000 - 0x00007ffb2e79a000 	C:\WINDOWS\System32\bcryptPrimitives.dll
0x00007ffb2b0c0000 - 0x00007ffb2b0fc000 	C:\Curso\java\jdk-20\bin\jdwp.dll
0x00007ffb2b140000 - 0x00007ffb2b14e000 	C:\Curso\java\jdk-20\bin\instrument.dll
0x00007ffb2b300000 - 0x00007ffb2b326000 	C:\Curso\java\jdk-20\bin\java.dll
0x00007ffb2b220000 - 0x00007ffb2b2f7000 	C:\Curso\java\jdk-20\bin\jsvml.dll
0x00007ffb2f870000 - 0x00007ffb300c6000 	C:\WINDOWS\System32\SHELL32.dll
0x00007ffb2c230000 - 0x00007ffb2cb3e000 	C:\WINDOWS\SYSTEM32\windows.storage.dll
0x00007ffb2c0f0000 - 0x00007ffb2c22e000 	C:\WINDOWS\SYSTEM32\wintypes.dll
0x00007ffb2f2a0000 - 0x00007ffb2f393000 	C:\WINDOWS\System32\SHCORE.dll
0x00007ffb2f080000 - 0x00007ffb2f0de000 	C:\WINDOWS\System32\shlwapi.dll
0x00007ffb2e240000 - 0x00007ffb2e266000 	C:\WINDOWS\SYSTEM32\profapi.dll
0x00007ffb2b130000 - 0x00007ffb2b13c000 	C:\Curso\java\jdk-20\bin\dt_socket.dll
0x00007ffb2ce50000 - 0x00007ffb2ce7d000 	C:\WINDOWS\SYSTEM32\IPHLPAPI.DLL
0x00007ffb2d890000 - 0x00007ffb2d8f9000 	C:\WINDOWS\system32\mswsock.dll
0x00007ffb2ced0000 - 0x00007ffb2cfc9000 	C:\WINDOWS\SYSTEM32\DNSAPI.dll
0x00007ffb2f290000 - 0x00007ffb2f299000 	C:\WINDOWS\System32\NSI.dll
0x00007ffb1b090000 - 0x00007ffb1b09a000 	C:\Windows\System32\rasadhlp.dll
0x00007ffb1b770000 - 0x00007ffb1b7f4000 	C:\WINDOWS\System32\fwpuclnt.dll
0x00007ffb2b1c0000 - 0x00007ffb2b1d8000 	C:\Curso\java\jdk-20\bin\zip.dll
0x00007ffb2b200000 - 0x00007ffb2b213000 	C:\Curso\java\jdk-20\bin\net.dll
0x00007ffb2af50000 - 0x00007ffb2b087000 	C:\WINDOWS\SYSTEM32\WINHTTP.dll
0x00007ffb2b1e0000 - 0x00007ffb2b1f6000 	C:\Curso\java\jdk-20\bin\nio.dll
0x00007ffb2b1a0000 - 0x00007ffb2b1aa000 	C:\Curso\java\jdk-20\bin\management.dll
0x00007ffb2b190000 - 0x00007ffb2b19b000 	C:\Curso\java\jdk-20\bin\management_ext.dll
0x00007ffb30a90000 - 0x00007ffb30a98000 	C:\WINDOWS\System32\PSAPI.DLL
0x00007ffb12bb0000 - 0x00007ffb12bc7000 	C:\WINDOWS\system32\napinsp.dll
0x00007ffb11dc0000 - 0x00007ffb11ddb000 	C:\WINDOWS\system32\pnrpnsp.dll
0x00007ffb11d10000 - 0x00007ffb11d31000 	C:\WINDOWS\system32\nlansp_c.dll
0x00007ffb11cf0000 - 0x00007ffb11d01000 	C:\WINDOWS\System32\winrnr.dll
0x00007ffb11cd0000 - 0x00007ffb11ce5000 	C:\WINDOWS\system32\wshbth.dll
0x00007ffb2db10000 - 0x00007ffb2db2b000 	C:\WINDOWS\SYSTEM32\CRYPTSP.dll
0x00007ffb2d360000 - 0x00007ffb2d395000 	C:\WINDOWS\system32\rsaenh.dll
0x00007ffb2d990000 - 0x00007ffb2d9bc000 	C:\WINDOWS\SYSTEM32\USERENV.dll
0x00007ffb2dcd0000 - 0x00007ffb2dcf8000 	C:\WINDOWS\SYSTEM32\bcrypt.dll
0x00007ffb2db30000 - 0x00007ffb2db3c000 	C:\WINDOWS\SYSTEM32\CRYPTBASE.dll
0x00007ffb1c030000 - 0x00007ffb1c049000 	C:\WINDOWS\SYSTEM32\dhcpcsvc6.DLL
0x00007ffb1bf70000 - 0x00007ffb1bf8f000 	C:\WINDOWS\SYSTEM32\dhcpcsvc.DLL
0x00007ffb2b170000 - 0x00007ffb2b177000 	C:\Curso\java\jdk-20\bin\extnet.dll
0x00007ffb2b1b0000 - 0x00007ffb2b1c0000 	C:\Curso\java\jdk-20\bin\verify.dll
0x00007ffb2b180000 - 0x00007ffb2b18e000 	C:\Curso\java\jdk-20\bin\sunmscapi.dll
0x00007ffb2eb50000 - 0x00007ffb2ecb6000 	C:\WINDOWS\System32\CRYPT32.dll
0x00007ffb2dca0000 - 0x00007ffb2dccd000 	C:\WINDOWS\SYSTEM32\ncrypt.dll
0x00007ffb2dc60000 - 0x00007ffb2dc97000 	C:\WINDOWS\SYSTEM32\NTASN1.dll
0x00007ffadac80000 - 0x00007ffadac88000 	C:\WINDOWS\system32\wshunix.dll

dbghelp: loaded successfully - version: 4.0.5 - missing functions: none
symbol engine: initialized successfully - sym options: 0x614 - pdb path: .;C:\Curso\java\jdk-20\bin;C:\WINDOWS\SYSTEM32;C:\WINDOWS\WinSxS\amd64_microsoft.windows.common-controls_6595b64144ccf1df_6.0.23590.1000_none_ebcfe7d8fe46a426;C:\Curso\java\jdk-20\bin\server

VM Arguments:
jvm_args: -XX:+ShowCodeDetailsInExceptionMessages -agentlib:jdwp=transport=dt_socket,suspend=y,address=localhost:56221 -Dcom.sun.management.jmxremote -Dcom.sun.management.jmxremote.port=56220 -Dcom.sun.management.jmxremote.authenticate=false -Dcom.sun.management.jmxremote.ssl=false -Djava.rmi.server.hostname=localhost -Dspring.jmx.enabled=true -Dmanagement.endpoints.jmx.exposure.include=* -Dspring.application.admin.enabled=true -XX:TieredStopAtLevel=1 -Dspring.boot.project.name=multishop -javaagent:C:\Users\pedro\eclipse\jee-2023-12\eclipse\configuration\org.eclipse.osgi\434\0\.cp\lib\javaagent-shaded.jar -Dfile.encoding=UTF-8 -Dstdout.encoding=UTF-8 -Dstderr.encoding=UTF-8 
java_command: com.online.multishop.MultiShop --spring.output.ansi.enabled=always
java_class_path (initial): C:\Proyectos\Nuevos\Ultimos\microservices-02\multi-shop\target\classes;C:\Users\pedro\.m2\repository\org\springframework\boot\spring-boot-starter-web\2.7.11\spring-boot-starter-web-2.7.11.jar;C:\Users\pedro\.m2\repository\org\springframework\boot\spring-boot-starter\2.7.11\spring-boot-starter-2.7.11.jar;C:\Users\pedro\.m2\repository\org\springframework\boot\spring-boot-starter-logging\2.7.11\spring-boot-starter-logging-2.7.11.jar;C:\Users\pedro\.m2\repository\ch\qos\logback\logback-classic\1.2.12\logback-classic-1.2.12.jar;C:\Users\pedro\.m2\repository\ch\qos\logback\logback-core\1.2.12\logback-core-1.2.12.jar;C:\Users\pedro\.m2\repository\org\apache\logging\log4j\log4j-to-slf4j\2.17.2\log4j-to-slf4j-2.17.2.jar;C:\Users\pedro\.m2\repository\org\apache\logging\log4j\log4j-api\2.17.2\log4j-api-2.17.2.jar;C:\Users\pedro\.m2\repository\org\slf4j\jul-to-slf4j\1.7.36\jul-to-slf4j-1.7.36.jar;C:\Users\pedro\.m2\repository\org\yaml\snakeyaml\1.30\snakeyaml-1.30.jar;C:\Users\pedro\.m2\repository\org\springframework\boot\spring-boot-starter-json\2.7.11\spring-boot-starter-json-2.7.11.jar;C:\Users\pedro\.m2\repository\com\fasterxml\jackson\core\jackson-databind\2.13.5\jackson-databind-2.13.5.jar;C:\Users\pedro\.m2\repository\com\fasterxml\jackson\core\jackson-annotations\2.13.5\jackson-annotations-2.13.5.jar;C:\Users\pedro\.m2\repository\com\fasterxml\jackson\core\jackson-core\2.13.5\jackson-core-2.13.5.jar;C:\Users\pedro\.m2\repository\com\fasterxml\jackson\datatype\jackson-datatype-jdk8\2.13.5\jackson-datatype-jdk8-2.13.5.jar;C:\Users\pedro\.m2\repository\com\fasterxml\jackson\datatype\jackson-datatype-jsr310\2.13.5\jackson-datatype-jsr310-2.13.5.jar;C:\Users\pedro\.m2\repository\com\fasterxml\jackson\module\jackson-module-parameter-names\2.13.5\jackson-module-parameter-names-2.13.5.jar;C:\Users\pedro\.m2\repository\org\springframework\spring-web\5.3.27\spring-web-5.3.27.jar;C:\Users\pedro\.m2\repository\org\springframework\spring-beans\5.3.27\spring-beans-5.3.27.jar;C:\Users\pedro\.m2\repository\org\springframework\spring-webmvc\5.3.27\spring-webmvc-5.3.27.jar;C:\Users\pedro\.m2\repository\org\springframework\spring-aop\5.3.27\spring-aop-5.3.27.jar;C:\Users\pedro\.m2\repository\org\springframework\spring-context\5.3.27\spring-context-5.3.27.jar;C:\Users\pedro\.m2\repository\org\springframework\spring-expression\5.3.27\spring-expression-5.3.27.jar;C:\Users\pedro\.m2\repository\org\springframework\boot\spring-boot-starter-thymeleaf\2.7.11\spring-boot-starter-thymeleaf-2.7.11.jar;C:\Users\pedro\.m2\repository\org\thymeleaf\thymeleaf-spring5\3.0.15.RELEASE\thymeleaf-spring5-3.0.15.RELEASE.jar;C:\Users\pedro\.m2\repository\org\thymeleaf\thymeleaf\3.0.15.RELEASE\thymeleaf-3.0.15.RELEASE.jar;C:\Users\pedro\.m2\repository\org\attoparser\attoparser\2.0.5.RELEASE\attoparser-2.0.5.RELEASE.jar;C:\Users\pedro\.m2\repository\org\unbescape\unbescape\1.1.6.RELEASE\unbescape-1.1.6.RELEASE.jar;C:\Users\pedro\.m2\repository\org\thymeleaf\extras\thymeleaf-extras-java8time\3.0.4.RELEASE\thymeleaf-extras-java8time-3.0.4.RELEASE.jar;C:\Users\pedro\.m2\repository\org\springframework\boot\spring-boot-starter-tomcat\2.7.11\spring-boot-starter-tomcat-2.7.11.jar;C:\Users\pedro\.m2\repository\jakarta\annotation\jakarta.annotation-api\1.3.5\jakarta.annotation-api-1.3.5.jar;C:\Users\pedro\.m2\repository\org\apache\tomcat\embed\tomcat-embed-core\9.0.74\tomcat-embed-core-9.0.74.jar;C:\Users\pedro\.m2\repository\org\apache\tomcat\embed\tomcat-embed-el\9.0.74\tomcat-embed-el-9.0.74.jar;C:\Users\pedro\.m2\repository\org\apache\tomcat\embed\tomcat-embed-websocket\9.0.74\tomcat-embed-websocket-9.0.74.jar;C:\Users\pedro\.m2\repository\org\springframework\spring-core\5.3.27\spring-core-5.3.27.jar;C:\Users\pedro\.m2\repository\org\springframework\spring-jcl\5.3.27\spring-jcl-5.3.27.jar;C:\Users\pedro\.m2\repository\com\google\code\gson\gson\2.8.5\gson-2.8.5.jar;C:\Users\pedro\.m2\repository\com\itextpdf\kernel\7.1.14\kernel-7.1.14.jar;C:\Users\pedro\.m2\repository\com\itextpdf\io\7.1.14\io-7.1.14.jar;C:\Users\pedro\.m2\repository\org\bouncycastle\bcpkix-jdk15on\1.67\bcpkix-jdk15on-1.67.jar;C:\Users\pedro\.m2\repository\org\bouncycastle\bcprov-jdk15on\1.67\bcprov-jdk15on-1.67.jar;C:\Users\pedro\.m2\repository\org\slf4j\slf4j-api\1.7.36\slf4j-api-1.7.36.jar;C:\Users\pedro\.m2\repository\com\itextpdf\html2pdf\3.0.3\html2pdf-3.0.3.jar;C:\Users\pedro\.m2\repository\com\itextpdf\forms\7.1.14\forms-7.1.14.jar;C:\Users\pedro\.m2\repository\com\itextpdf\layout\7.1.14\layout-7.1.14.jar;C:\Users\pedro\.m2\repository\com\itextpdf\svg\7.1.14\svg-7.1.14.jar;C:\Users\pedro\.m2\repository\com\itextpdf\styled-xml-parser\7.1.14\styled-xml-parser-7.1.14.jar;C:\Users\pedro\.m2\repository\org\apache\httpcomponents\httpclient\4.5.2\httpclient-4.5.2.jar;C:\Users\pedro\.m2\repository\org\apache\httpcomponents\httpcore\4.4.16\httpcore-4.4.16.jar;C:\Users\pedro\.m2\repository\commons-codec\commons-codec\1.15\commons-codec-1.15.jar;C:\Proyectos\utils-common\target\classes;C:\Users\pedro\.m2\repository\org\springframework\boot\spring-boot-devtools\2.7.11\spring-boot-devtools-2.7.11.jar;C:\Users\pedro\.m2\repository\org\springframework\boot\spring-boot\2.7.11\spring-boot-2.7.11.jar;C:\Users\pedro\.m2\repository\org\springframework\boot\spring-boot-autoconfigure\2.7.11\spring-boot-autoconfigure-2.7.11.jar
Launcher Type: SUN_STANDARD

[Global flags]
     intx CICompilerCount                          = 4                                         {product} {ergonomic}
     uint ConcGCThreads                            = 2                                         {product} {ergonomic}
     uint G1ConcRefinementThreads                  = 8                                         {product} {ergonomic}
   size_t G1HeapRegionSize                         = 2097152                                   {product} {ergonomic}
    uintx GCDrainStackTargetSize                   = 64                                        {product} {ergonomic}
   size_t InitialHeapSize                          = 266338304                                 {product} {ergonomic}
     bool ManagementServer                         = true                                      {product} {command line}
   size_t MarkStackSize                            = 4194304                                   {product} {ergonomic}
   size_t MaxHeapSize                              = 4242538496                                {product} {ergonomic}
   size_t MaxNewSize                               = 2543845376                                {product} {ergonomic}
   size_t MinHeapDeltaBytes                        = 2097152                                   {product} {ergonomic}
   size_t MinHeapSize                              = 8388608                                   {product} {ergonomic}
    uintx NonProfiledCodeHeapSize                  = 0                                      {pd product} {ergonomic}
     bool ProfileInterpreter                       = false                                  {pd product} {command line}
    uintx ProfiledCodeHeapSize                     = 0                                      {pd product} {ergonomic}
     bool ShowCodeDetailsInExceptionMessages       = true                                   {manageable} {command line}
   size_t SoftMaxHeapSize                          = 4242538496                             {manageable} {ergonomic}
     intx TieredStopAtLevel                        = 1                                         {product} {command line}
     bool UseCompressedClassPointers               = true                           {product lp64_product} {ergonomic}
     bool UseCompressedOops                        = true                           {product lp64_product} {ergonomic}
     bool UseG1GC                                  = true                                      {product} {ergonomic}
     bool UseLargePagesIndividualAllocation        = false                                  {pd product} {ergonomic}

Logging:
Log output configuration:
 #0: stdout all=warning uptime,level,tags foldmultilines=false
 #1: stderr all=off uptime,level,tags foldmultilines=false

Environment Variables:
JAVA_HOME=C:\Curso\java\jdk-20
PATH=C:/Curso/java/jdk-20/bin/server;C:/Curso/java/jdk-20/bin;C:/Users/pedro/AppData/Local/Temp/eoi785A.tmp//plugins/org.eclipse.justj.openjdk.hotspot.jre.minimal.stripped.win32.x86_64_17.0.9.v20231028-0858/jre/bin/server;C:/Users/pedro/AppData/Local/Temp/eoi785A.tmp//plugins/org.eclipse.justj.openjdk.hotspot.jre.minimal.stripped.win32.x86_64_17.0.9.v20231028-0858/jre/bin;C:\Program Files (x86)\Common Files\Oracle\Java\javapath;C:\WINDOWS\system32;C:\WINDOWS;C:\WINDOWS\System32\Wbem;C:\WINDOWS\System32\WindowsPowerShell\v1.0\;C:\WINDOWS\System32\OpenSSH\;C:\Program Files\nodejs\;C:\Program Files\Docker\Docker\resources\bin;C:\ProgramData\DockerDesktop\version-bin;C:\Programas\gradle-8.1\bin;C:\Program Files\Git\cmd;C:\Program Files\dotnet\;C:\Programas\vault;C:\Users\pedro\AppData\Local\Microsoft\WindowsApps;C:\Users\pedro\AppData\Roaming\npm;C:\Users\pedro\AppData\Local\GitHubDesktop\bin;C:\Users\pedro\AppData\Local\Programs\Microsoft VS Code\bin;C:\Curso\java\jdk-20\bin;C:\Users\pedro\.dotnet\tools;;C:\Users\pedro\Downloads;;C:\Users\pedro\Downloads;
USERNAME=pedro
OS=Windows_NT
PROCESSOR_IDENTIFIER=Intel64 Family 6 Model 142 Stepping 12, GenuineIntel
TMP=C:\Users\pedro\AppData\Local\Temp
TEMP=C:\Users\pedro\AppData\Local\Temp




---------------  S Y S T E M  ---------------

OS:
 Windows 11 , 64 bit Build 23590 (10.0.23590.1000)
OS uptime: 11 days 20:21 hours
Hyper-V role detected

CPU: total 8 (initial active 8) (4 cores per cpu, 2 threads per core) family 6 model 142 stepping 12 microcode 0xf0, cx8, cmov, fxsr, ht, mmx, 3dnowpref, sse, sse2, sse3, ssse3, sse4.1, sse4.2, popcnt, lzcnt, tsc, tscinvbit, avx, avx2, aes, erms, clmul, bmi1, bmi2, adx, fma, vzeroupper, clflush, clflushopt, hv, rdtscp, f16c

Memory: 4k page, system-wide physical 16180M (1295M free)
TotalPageFile size 53044M (AvailPageFile size 11834M)
current process WorkingSet (physical memory assigned to process): 189M, peak: 217M
current process commit charge ("private bytes"): 235M, peak: 376M

vm_info: OpenJDK 64-Bit Server VM (20+36-2344) for windows-amd64 JRE (20+36-2344), built on 2023-02-10T19:30:15Z by "mach5one" with MS VC++ 17.1 (VS2022)

END.
