#
# A fatal error has been detected by the Java Runtime Environment:
#
#  EXCEPTION_ACCESS_VIOLATION (0xc0000005) at pc=0x00007ffe3f9dccfe, pid=22248, tid=14672
#
# JRE version: OpenJDK Runtime Environment (20.0+36) (build 20+36-2344)
# Java VM: OpenJDK 64-Bit Server VM (20+36-2344, mixed mode, emulated-client, sharing, tiered, compressed oops, compressed class ptrs, g1 gc, windows-amd64)
# Problematic frame:
# V  [jvm.dll+0x31ccfe]
#
# No core dump will be written. Minidumps are not enabled by default on client versions of Windows
#
# If you would like to submit a bug report, please visit:
#   https://bugreport.java.com/bugreport/crash.jsp
#

---------------  S U M M A R Y ------------

Command Line: -XX:+ShowCodeDetailsInExceptionMessages -agentlib:jdwp=transport=dt_socket,suspend=y,address=localhost:58100 -Dcom.sun.management.jmxremote -Dcom.sun.management.jmxremote.port=58098 -Dcom.sun.management.jmxremote.authenticate=false -Dcom.sun.management.jmxremote.ssl=false -Djava.rmi.server.hostname=localhost -Dspring.jmx.enabled=true -Dmanagement.endpoints.jmx.exposure.include=* -Dspring.application.admin.enabled=true -XX:TieredStopAtLevel=1 -Dspring.boot.project.name=multishop -javaagent:C:\Users\pedro\eclipse\jee-2023-12\eclipse\configuration\org.eclipse.osgi\434\0\.cp\lib\javaagent-shaded.jar -Dfile.encoding=UTF-8 -Dstdout.encoding=UTF-8 -Dstderr.encoding=UTF-8 com.online.multishop.MultiShop --spring.output.ansi.enabled=always

Host: Intel(R) Core(TM) i7-10510U CPU @ 1.80GHz, 8 cores, 15G,  Windows 11 , 64 bit Build 23595 (10.0.23595.1001)
Time: Tue Dec 19 20:17:36 2023 Hora estándar de Montevideo elapsed time: 893.167293 seconds (0d 0h 14m 53s)

---------------  T H R E A D  ---------------

Current thread (0x0000023bbc73d750):  WorkerThread "GC Thread#6" [stack: 0x0000005ce4900000,0x0000005ce4a00000] [id=14672]

Stack: [0x0000005ce4900000,0x0000005ce4a00000],  sp=0x0000005ce49fe0f0,  free space=1016k
Native frames: (J=compiled Java code, j=interpreted, Vv=VM code, C=native code)
V  [jvm.dll+0x31ccfe]
V  [jvm.dll+0x344e7a]
V  [jvm.dll+0x344da2]
V  [jvm.dll+0x31781d]
V  [jvm.dll+0x31725d]
V  [jvm.dll+0x3f19b5]
V  [jvm.dll+0x7f4c86]
V  [jvm.dll+0x7fe811]
V  [jvm.dll+0x36ca1a]
V  [jvm.dll+0x36cad4]
V  [jvm.dll+0x349123]
V  [jvm.dll+0x875777]
V  [jvm.dll+0x7f4906]
V  [jvm.dll+0x6ba5cb]
C  [ucrtbase.dll+0x29363]
C  [KERNEL32.DLL+0x1257d]
C  [ntdll.dll+0x5aa58]

JavaThread 0x0000023bbce73c10 (nid = 16600) was being processed
Java frames: (J=compiled Java code, j=interpreted, Vv=VM code)
j  java.lang.invoke.DirectMethodHandle$Holder.invokeVirtual(Ljava/lang/Object;Ljava/lang/Object;Ljava/lang/Object;)V+11 java.base@20
J 5279 c1 java.lang.invoke.LambdaForm$MH+0x000000080114ac00.invoke(Ljava/lang/Object;Ljava/lang/Object;Ljava/lang/Object;)Ljava/lang/Object; java.base@20 (57 bytes) @ 0x0000023bac9e872c [0x0000023bac9e85c0+0x000000000000016c]
J 4191 c1 java.lang.reflect.Method.invoke(Ljava/lang/Object;[Ljava/lang/Object;)Ljava/lang/Object; java.base@20 (108 bytes) @ 0x0000023bad21f55c [0x0000023bad21ebe0+0x000000000000097c]
j  org.springframework.web.method.support.InvocableHandlerMethod.doInvoke([Ljava/lang/Object;)Ljava/lang/Object;+28
j  org.springframework.web.method.support.InvocableHandlerMethod.invokeForRequest(Lorg/springframework/web/context/request/NativeWebRequest;Lorg/springframework/web/method/support/ModelAndViewContainer;[Ljava/lang/Object;)Ljava/lang/Object;+54
j  org.springframework.web.servlet.mvc.method.annotation.ServletInvocableHandlerMethod.invokeAndHandle(Lorg/springframework/web/context/request/ServletWebRequest;Lorg/springframework/web/method/support/ModelAndViewContainer;[Ljava/lang/Object;)V+4
j  org.springframework.web.servlet.mvc.method.annotation.RequestMappingHandlerAdapter.invokeHandlerMethod(Ljavax/servlet/http/HttpServletRequest;Ljavax/servlet/http/HttpServletResponse;Lorg/springframework/web/method/HandlerMethod;)Lorg/springframework/web/servlet/ModelAndView;+244
j  org.springframework.web.servlet.mvc.method.annotation.RequestMappingHandlerAdapter.handleInternal(Ljavax/servlet/http/HttpServletRequest;Ljavax/servlet/http/HttpServletResponse;Lorg/springframework/web/method/HandlerMethod;)Lorg/springframework/web/servlet/ModelAndView;+81
j  org.springframework.web.servlet.mvc.method.AbstractHandlerMethodAdapter.handle(Ljavax/servlet/http/HttpServletRequest;Ljavax/servlet/http/HttpServletResponse;Ljava/lang/Object;)Lorg/springframework/web/servlet/ModelAndView;+7
j  org.springframework.web.servlet.DispatcherServlet.doDispatch(Ljavax/servlet/http/HttpServletRequest;Ljavax/servlet/http/HttpServletResponse;)V+259
j  org.springframework.web.servlet.DispatcherServlet.doService(Ljavax/servlet/http/HttpServletRequest;Ljavax/servlet/http/HttpServletResponse;)V+241
j  org.springframework.web.servlet.FrameworkServlet.processRequest(Ljavax/servlet/http/HttpServletRequest;Ljavax/servlet/http/HttpServletResponse;)V+71
j  org.springframework.web.servlet.FrameworkServlet.doGet(Ljavax/servlet/http/HttpServletRequest;Ljavax/servlet/http/HttpServletResponse;)V+3
j  javax.servlet.http.HttpServlet.service(Ljavax/servlet/http/HttpServletRequest;Ljavax/servlet/http/HttpServletResponse;)V+35
j  org.springframework.web.servlet.FrameworkServlet.service(Ljavax/servlet/http/HttpServletRequest;Ljavax/servlet/http/HttpServletResponse;)V+33
j  javax.servlet.http.HttpServlet.service(Ljavax/servlet/ServletRequest;Ljavax/servlet/ServletResponse;)V+36
J 5127 c1 org.apache.catalina.core.ApplicationFilterChain.internalDoFilter(Ljavax/servlet/ServletRequest;Ljavax/servlet/ServletResponse;)V (388 bytes) @ 0x0000023bad30aa2c [0x0000023bad30a7a0+0x000000000000028c]
J 5126 c1 org.apache.catalina.core.ApplicationFilterChain.doFilter(Ljavax/servlet/ServletRequest;Ljavax/servlet/ServletResponse;)V (103 bytes) @ 0x0000023bad307184 [0x0000023bad307120+0x0000000000000064]
j  org.apache.tomcat.websocket.server.WsFilter.doFilter(Ljavax/servlet/ServletRequest;Ljavax/servlet/ServletResponse;Ljavax/servlet/FilterChain;)V+21
J 5127 c1 org.apache.catalina.core.ApplicationFilterChain.internalDoFilter(Ljavax/servlet/ServletRequest;Ljavax/servlet/ServletResponse;)V (388 bytes) @ 0x0000023bad30ac34 [0x0000023bad30a7a0+0x0000000000000494]
J 5126 c1 org.apache.catalina.core.ApplicationFilterChain.doFilter(Ljavax/servlet/ServletRequest;Ljavax/servlet/ServletResponse;)V (103 bytes) @ 0x0000023bad307184 [0x0000023bad307120+0x0000000000000064]
j  org.springframework.web.filter.RequestContextFilter.doFilterInternal(Ljavax/servlet/http/HttpServletRequest;Ljavax/servlet/http/HttpServletResponse;Ljavax/servlet/FilterChain;)V+21
J 5843 c1 org.springframework.web.filter.OncePerRequestFilter.doFilter(Ljavax/servlet/ServletRequest;Ljavax/servlet/ServletResponse;Ljavax/servlet/FilterChain;)V (175 bytes) @ 0x0000023baca2842c [0x0000023baca28080+0x00000000000003ac]
J 5127 c1 org.apache.catalina.core.ApplicationFilterChain.internalDoFilter(Ljavax/servlet/ServletRequest;Ljavax/servlet/ServletResponse;)V (388 bytes) @ 0x0000023bad30ac34 [0x0000023bad30a7a0+0x0000000000000494]
J 5126 c1 org.apache.catalina.core.ApplicationFilterChain.doFilter(Ljavax/servlet/ServletRequest;Ljavax/servlet/ServletResponse;)V (103 bytes) @ 0x0000023bad307184 [0x0000023bad307120+0x0000000000000064]
j  org.springframework.web.filter.FormContentFilter.doFilterInternal(Ljavax/servlet/http/HttpServletRequest;Ljavax/servlet/http/HttpServletResponse;Ljavax/servlet/FilterChain;)V+38
J 5843 c1 org.springframework.web.filter.OncePerRequestFilter.doFilter(Ljavax/servlet/ServletRequest;Ljavax/servlet/ServletResponse;Ljavax/servlet/FilterChain;)V (175 bytes) @ 0x0000023baca2842c [0x0000023baca28080+0x00000000000003ac]
J 5127 c1 org.apache.catalina.core.ApplicationFilterChain.internalDoFilter(Ljavax/servlet/ServletRequest;Ljavax/servlet/ServletResponse;)V (388 bytes) @ 0x0000023bad30ac34 [0x0000023bad30a7a0+0x0000000000000494]
J 5126 c1 org.apache.catalina.core.ApplicationFilterChain.doFilter(Ljavax/servlet/ServletRequest;Ljavax/servlet/ServletResponse;)V (103 bytes) @ 0x0000023bad307184 [0x0000023bad307120+0x0000000000000064]
j  org.springframework.web.filter.CharacterEncodingFilter.doFilterInternal(Ljavax/servlet/http/HttpServletRequest;Ljavax/servlet/http/HttpServletResponse;Ljavax/servlet/FilterChain;)V+53
J 5843 c1 org.springframework.web.filter.OncePerRequestFilter.doFilter(Ljavax/servlet/ServletRequest;Ljavax/servlet/ServletResponse;Ljavax/servlet/FilterChain;)V (175 bytes) @ 0x0000023baca2842c [0x0000023baca28080+0x00000000000003ac]
J 5127 c1 org.apache.catalina.core.ApplicationFilterChain.internalDoFilter(Ljavax/servlet/ServletRequest;Ljavax/servlet/ServletResponse;)V (388 bytes) @ 0x0000023bad30ac34 [0x0000023bad30a7a0+0x0000000000000494]
J 5126 c1 org.apache.catalina.core.ApplicationFilterChain.doFilter(Ljavax/servlet/ServletRequest;Ljavax/servlet/ServletResponse;)V (103 bytes) @ 0x0000023bad307184 [0x0000023bad307120+0x0000000000000064]
j  org.apache.catalina.core.StandardWrapperValve.invoke(Lorg/apache/catalina/connector/Request;Lorg/apache/catalina/connector/Response;)V+514
j  org.apache.catalina.core.StandardContextValve.invoke(Lorg/apache/catalina/connector/Request;Lorg/apache/catalina/connector/Response;)V+169
j  org.apache.catalina.authenticator.AuthenticatorBase.invoke(Lorg/apache/catalina/connector/Request;Lorg/apache/catalina/connector/Response;)V+260
j  org.apache.catalina.core.StandardHostValve.invoke(Lorg/apache/catalina/connector/Request;Lorg/apache/catalina/connector/Response;)V+128
j  org.apache.catalina.valves.ErrorReportValve.invoke(Lorg/apache/catalina/connector/Request;Lorg/apache/catalina/connector/Response;)V+6
j  org.apache.catalina.core.StandardEngineValve.invoke(Lorg/apache/catalina/connector/Request;Lorg/apache/catalina/connector/Response;)V+59
j  org.apache.catalina.connector.CoyoteAdapter.service(Lorg/apache/coyote/Request;Lorg/apache/coyote/Response;)V+187
j  org.apache.coyote.http11.Http11Processor.service(Lorg/apache/tomcat/util/net/SocketWrapperBase;)Lorg/apache/tomcat/util/net/AbstractEndpoint$Handler$SocketState;+796
j  org.apache.coyote.AbstractProcessorLight.process(Lorg/apache/tomcat/util/net/SocketWrapperBase;Lorg/apache/tomcat/util/net/SocketEvent;)Lorg/apache/tomcat/util/net/AbstractEndpoint$Handler$SocketState;+170
j  org.apache.coyote.AbstractProtocol$ConnectionHandler.process(Lorg/apache/tomcat/util/net/SocketWrapperBase;Lorg/apache/tomcat/util/net/SocketEvent;)Lorg/apache/tomcat/util/net/AbstractEndpoint$Handler$SocketState;+489
j  org.apache.tomcat.util.net.NioEndpoint$SocketProcessor.doRun()V+249
j  org.apache.tomcat.util.net.SocketProcessorBase.run()V+32
j  org.apache.tomcat.util.threads.ThreadPoolExecutor.runWorker(Lorg/apache/tomcat/util/threads/ThreadPoolExecutor$Worker;)V+92
j  org.apache.tomcat.util.threads.ThreadPoolExecutor$Worker.run()V+5
j  org.apache.tomcat.util.threads.TaskThread$WrappingRunnable.run()V+4
j  java.lang.Thread.runWith(Ljava/lang/Object;Ljava/lang/Runnable;)V+5 java.base@20
j  java.lang.Thread.run()V+19 java.base@20
v  ~StubRoutines::call_stub 0x0000023bac80100d

siginfo: EXCEPTION_ACCESS_VIOLATION (0xc0000005), reading address 0x0000023d08983f60


Registers:
RAX=0x0000023bb10e0000, RBX=0x0000023ba47c2c90, RCX=0x0000000000000011, RDX=0x0000000000000001
RSP=0x0000005ce49fe0f0, RBP=0x0000005ce49fe290, RSI=0x0000005ce49fe470, RDI=0x0000000abc51fb11
R8 =0x0000023d08983f60, R9 =0x000000080071b990, R10=0x0000023bac800000, R11=0x0000005ce49fe318
R12=0x0000000000000000, R13=0x00000000000003d8, R14=0x0000000000000002, R15=0x0000023bbc595070
RIP=0x00007ffe3f9dccfe, EFLAGS=0x0000000000010206


Register to memory mapping:

RIP=0x00007ffe3f9dccfe jvm.dll
RAX=0x0000023bb10e0000 points into unknown readable memory: 0x0048088800248089 | 89 80 24 00 88 08 48 00
RBX=0x0000023ba47c2c90 points into unknown readable memory: 0x00007ffe40041200 | 00 12 04 40 fe 7f 00 00
RCX=0x0000000000000011 is an unknown value
RDX=0x0000000000000001 is an unknown value
RSP=0x0000005ce49fe0f0 points into unknown readable memory: 0x00007ffe402b164a | 4a 16 2b 40 fe 7f 00 00
RBP=0x0000005ce49fe290 points into unknown readable memory: 0x0000000800017f58 | 58 7f 01 00 08 00 00 00
RSI=0x0000005ce49fe470 points into unknown readable memory: 0x0000005ce5afd878 | 78 d8 af e5 5c 00 00 00
RDI=0x0000000abc51fb11 is an unknown value
R8 =0x0000023d08983f60 is an unknown value
R9 =0x000000080071b990 is pointing into metadata
R10=0x0000023bac800000 points into unknown readable memory: 0x0000000000000006 | 06 00 00 00 00 00 00 00
R11=0x0000005ce49fe318 points into unknown readable memory: 0x00007ffe3f9d725d | 5d 72 9d 3f fe 7f 00 00
R12=0x0 is NULL
R13=0x00000000000003d8 is an unknown value
R14=0x0000000000000002 is an unknown value
R15=0x0000023bbc595070 points into unknown readable memory: 0xfd1a00071500fc02 | 02 fc 00 15 07 00 1a fd


Top of Stack: (sp=0x0000005ce49fe0f0)
0x0000005ce49fe0f0:   00007ffe402b164a 00007ffe3fdf5271
0x0000005ce49fe100:   0000000000000000 0000005ce49fe198
0x0000005ce49fe110:   0000023bbc689d90 00007ffe3fa04e7a
0x0000005ce49fe120:   0000005ce5afd888 00007ffe3fdf52e2
0x0000005ce49fe130:   0000000000000000 0000005ce49fe470
0x0000005ce49fe140:   0000000000000010 00007ffe3fd6a999
0x0000005ce49fe150:   0000023bbc689d90 00007ffe3fa04da2
0x0000005ce49fe160:   0000005ce49fe228 0000005ce5afd888
0x0000005ce49fe170:   0000000800480090 0000000000000000
0x0000005ce49fe180:   0000000000000004 00007ffe3f9d781d
0x0000005ce49fe190:   0000023bbc68a340 0000000000000004
0x0000005ce49fe1a0:   0000023bbc68a340 0000005ce49fe470
0x0000005ce49fe1b0:   0000000b00017f01 00000008000b6600
0x0000005ce49fe1c0:   0000023bbc73d750 0000000800540438
0x0000005ce49fe1d0:   0000023bbbd9ef20 00000000000003d8
0x0000005ce49fe1e0:   0000023bbbd9ef30 0000023bbbd9f308
0x0000005ce49fe1f0:   000000080071f263 00007ffe000000b8
0x0000005ce49fe200:   00000008000b6600 00007ffe4003cd00
0x0000005ce49fe210:   0000005ce49fe470 0000023bbc68a340
0x0000005ce49fe220:   0000000400000003 0000000800540438
0x0000005ce49fe230:   0000001300000001 0000000000000044
0x0000005ce49fe240:   000000010000000c 0000000800480090
0x0000005ce49fe250:   0000000000000000 0000023bbce0c148
0x0000005ce49fe260:   0000005ce49fe350 0000000000000000
0x0000005ce49fe270:   0000023bbc689d90 00007ffe3fa04e7a
0x0000005ce49fe280:   0000000703803a20 00007ffe3f9d8e94
0x0000005ce49fe290:   0000000800017f58 00000006e49f0013
0x0000005ce49fe2a0:   0000005c00000000 0000000000000015
0x0000005ce49fe2b0:   0000023bbc689d90 00007ffe3fa04da2
0x0000005ce49fe2c0:   0000000000000000 0000000703803a20
0x0000005ce49fe2d0:   0000708bfdbe7162 00007ffe3f86dcf7
0x0000005ce49fe2e0:   0000000000000000 0000023bbc68a340 

Instructions: (pc=0x00007ffe3f9dccfe)
0x00007ffe3f9dcbfe:   38 f0 4c 0f c1 04 c8 48 c7 42 08 00 00 00 00 44
0x00007ffe3f9dcc0e:   89 12 49 ff 41 58 4c 01 5a 08 e9 49 ff ff ff 49
0x00007ffe3f9dcc1e:   ff 41 50 4c 01 5a 08 e9 3c ff ff ff cc cc cc cc
0x00007ffe3f9dcc2e:   cc cc 48 89 5c 24 08 57 48 83 ec 20 48 8b 01 48
0x00007ffe3f9dcc3e:   8b fa 48 8b d9 ff 50 08 4c 8b c8 48 85 c0 74 66
0x00007ffe3f9dcc4e:   4c 8b 40 10 4c 2b 00 48 c7 40 28 00 00 00 00 4c
0x00007ffe3f9dcc5e:   89 43 18 48 8b 50 10 48 8b 48 08 48 8b c7 48 2b
0x00007ffe3f9dcc6e:   ca 48 c1 e9 03 48 3b cf 48 0f 42 c1 48 3b c7 72
0x00007ffe3f9dcc7e:   1e 48 8d 04 c2 49 89 41 10 90 ff 43 10 48 8b c2
0x00007ffe3f9dcc8e:   4c 89 4b 08 48 8b 5c 24 30 48 83 c4 20 5f c3 33
0x00007ffe3f9dcc9e:   d2 90 ff 43 10 8b c2 4c 89 4b 08 48 8b 5c 24 30
0x00007ffe3f9dccae:   48 83 c4 20 5f c3 48 8b 5c 24 30 48 83 c4 20 5f
0x00007ffe3f9dccbe:   c3 cc 48 89 5c 24 08 57 48 83 ec 20 48 8b 01 48
0x00007ffe3f9dccce:   8b fa 48 8b d9 ff 10 48 2b 7b 08 8b 4b 18 48 8b
0x00007ffe3f9dccde:   43 20 48 c1 ef 03 48 d3 ef 40 0f b6 cf 48 8b d7
0x00007ffe3f9dccee:   48 c1 ea 06 80 e1 3f 4c 8d 04 d0 ba 01 00 00 00
0x00007ffe3f9dccfe:   49 8b 00 48 d3 e2 48 8b c8 48 0b ca 48 3b c8 74
0x00007ffe3f9dcd0e:   13 90 f0 49 0f b1 08 74 18 48 8b c8 48 0b ca 48
0x00007ffe3f9dcd1e:   3b c8 75 ee 32 c0 48 8b 5c 24 30 48 83 c4 20 5f
0x00007ffe3f9dcd2e:   c3 48 8b 5c 24 30 b0 01 48 83 c4 20 5f c3 cc cc
0x00007ffe3f9dcd3e:   cc cc 48 89 5c 24 08 57 48 83 ec 20 4c 8b 41 30
0x00007ffe3f9dcd4e:   48 8b da 48 8b f9 45 8b 88 80 00 00 00 41 8b 80
0x00007ffe3f9dcd5e:   00 01 00 00 41 8b d1 2b d0 81 e2 ff ff 01 00 81
0x00007ffe3f9dcd6e:   fa fe ff 01 00 73 26 49 8b 80 80 01 00 00 4a 89
0x00007ffe3f9dcd7e:   1c c8 41 8d 41 01 25 ff ff 01 00 41 89 80 80 00
0x00007ffe3f9dcd8e:   00 00 48 8b 5c 24 30 48 83 c4 20 5f c3 e8 90 9d
0x00007ffe3f9dcd9e:   01 00 48 8b 57 30 44 8b 82 80 00 00 00 8b 82 00
0x00007ffe3f9dcdae:   01 00 00 41 8b c8 2b c8 81 e1 ff ff 01 00 81 f9
0x00007ffe3f9dcdbe:   fe ff 01 00 73 1a 48 8b 82 80 01 00 00 4a 89 1c
0x00007ffe3f9dcdce:   c0 41 8d 40 01 25 ff ff 01 00 89 82 80 00 00 00
0x00007ffe3f9dcdde:   48 8b 5c 24 30 48 83 c4 20 5f c3 cc cc cc cc cc
0x00007ffe3f9dcdee:   cc cc 48 89 5c 24 08 57 48 83 ec 20 48 8b 79 08 


Stack slot to memory mapping:
stack at sp + 0 slots: 0x00007ffe402b164a jvm.dll
stack at sp + 1 slots: 0x00007ffe3fdf5271 jvm.dll
stack at sp + 2 slots: 0x0 is NULL
stack at sp + 3 slots: 0x0000005ce49fe198 points into unknown readable memory: 0x0000000000000004 | 04 00 00 00 00 00 00 00
stack at sp + 4 slots: 0x0000023bbc689d90 points into unknown readable memory: 0x0000005ce33ff4b0 | b0 f4 3f e3 5c 00 00 00
stack at sp + 5 slots: 0x00007ffe3fa04e7a jvm.dll
stack at sp + 6 slots: 0x0000005ce5afd888 is pointing into the stack for thread: 0x0000023bbce73c10
stack at sp + 7 slots: 0x00007ffe3fdf52e2 jvm.dll


---------------  P R O C E S S  ---------------

Threads class SMR info:
_java_thread_list=0x0000023bbde90690, length=21, elements={
0x0000023bb7a57530, 0x0000023bb7a58330, 0x0000023bb7a5cfd0, 0x0000023bb7a5ddd0,
0x0000023bb7a62b60, 0x0000023bb7a65f30, 0x0000023bb7a69380, 0x0000023bb7a25f10,
0x0000023bbbd56ed0, 0x0000023bbbd59650, 0x0000023bbbd5bbc0, 0x0000023bbc4c28c0,
0x0000023bbc5c9250, 0x0000023bbc5dd7c0, 0x0000023bbc77a820, 0x0000023bbce6e210,
0x0000023bbce716e0, 0x0000023bbce71c30, 0x0000023bbce73c10, 0x0000023bbdf457e0,
0x0000023bbdf46280
}

Java Threads: ( => current thread )
  0x0000023bb7a57530 JavaThread "Reference Handler" daemon [_thread_blocked, id=27628, stack(0x0000005ce3400000,0x0000005ce3500000)]
  0x0000023bb7a58330 JavaThread "Finalizer" daemon [_thread_blocked, id=14620, stack(0x0000005ce3500000,0x0000005ce3600000)]
  0x0000023bb7a5cfd0 JavaThread "Signal Dispatcher" daemon [_thread_blocked, id=15444, stack(0x0000005ce3600000,0x0000005ce3700000)]
  0x0000023bb7a5ddd0 JavaThread "Attach Listener" daemon [_thread_blocked, id=25484, stack(0x0000005ce3700000,0x0000005ce3800000)]
  0x0000023bb7a62b60 JavaThread "Service Thread" daemon [_thread_blocked, id=4928, stack(0x0000005ce3800000,0x0000005ce3900000)]
  0x0000023bb7a65f30 JavaThread "Monitor Deflation Thread" daemon [_thread_blocked, id=14700, stack(0x0000005ce3900000,0x0000005ce3a00000)]
  0x0000023bb7a69380 JavaThread "C1 CompilerThread0" daemon [_thread_blocked, id=5468, stack(0x0000005ce3a00000,0x0000005ce3b00000)]
  0x0000023bb7a25f10 JavaThread "Common-Cleaner" daemon [_thread_blocked, id=22432, stack(0x0000005ce3b00000,0x0000005ce3c00000)]
  0x0000023bbbd56ed0 JavaThread "JDWP Transport Listener: dt_socket" daemon [_thread_blocked, id=22460, stack(0x0000005ce3e00000,0x0000005ce3f00000)]
  0x0000023bbbd59650 JavaThread "JDWP Event Helper Thread" daemon [_thread_blocked, id=26676, stack(0x0000005ce3f00000,0x0000005ce4000000)]
  0x0000023bbbd5bbc0 JavaThread "JDWP Command Reader" daemon [_thread_blocked, id=22044, stack(0x0000005ce4000000,0x0000005ce4100000)]
  0x0000023bbc4c28c0 JavaThread "Notification Thread" daemon [_thread_blocked, id=24268, stack(0x0000005ce4100000,0x0000005ce4200000)]
  0x0000023bbc5c9250 JavaThread "RMI TCP Accept-0" daemon [_thread_in_native, id=3572, stack(0x0000005ce4200000,0x0000005ce4300000)]
  0x0000023bbc5dd7c0 JavaThread "RMI TCP Accept-58098" daemon [_thread_in_native, id=22592, stack(0x0000005ce4300000,0x0000005ce4400000)]
  0x0000023bbc77a820 JavaThread "RMI TCP Accept-0" daemon [_thread_in_native, id=27064, stack(0x0000005ce4b00000,0x0000005ce4c00000)]
  0x0000023bbce6e210 JavaThread "RMI Scheduler(0)" daemon [_thread_blocked, id=12524, stack(0x0000005ce5100000,0x0000005ce5200000)]
  0x0000023bbce716e0 JavaThread "RMI TCP Connection(idle)" daemon [_thread_blocked, id=26772, stack(0x0000005ce5200000,0x0000005ce5300000)]
  0x0000023bbce71c30 JavaThread "JMX server connection timeout 41" daemon [_thread_blocked, id=26452, stack(0x0000005ce5300000,0x0000005ce5400000)]
  0x0000023bbce73c10 JavaThread "http-nio-8080-exec-2" daemon [_thread_blocked, id=16600, stack(0x0000005ce5a00000,0x0000005ce5b00000)]
  0x0000023bbdf457e0 JavaThread "DestroyJavaVM" [_thread_blocked, id=24084, stack(0x0000005ce2d00000,0x0000005ce2e00000)]
  0x0000023bbdf46280 JavaThread "Thread-1" [_thread_blocked, id=18268, stack(0x0000005ce2a00000,0x0000005ce2b00000)]

Other Threads:
  0x0000023bb7a3b330 VMThread "VM Thread" [stack: 0x0000005ce3300000,0x0000005ce3400000] [id=7356]
  0x0000023bbc779400 WatcherThread "VM Periodic Task Thread" [stack: 0x0000005ce4c00000,0x0000005ce4d00000] [id=19624]
  0x0000023ba47c2660 WorkerThread "GC Thread#0" [stack: 0x0000005ce2e00000,0x0000005ce2f00000] [id=27712]
  0x0000023bbc725200 WorkerThread "GC Thread#1" [stack: 0x0000005ce4400000,0x0000005ce4500000] [id=20824]
  0x0000023bbc727510 WorkerThread "GC Thread#2" [stack: 0x0000005ce4500000,0x0000005ce4600000] [id=13844]
  0x0000023bbc7277e0 WorkerThread "GC Thread#3" [stack: 0x0000005ce4600000,0x0000005ce4700000] [id=1940]
  0x0000023bbc727ab0 WorkerThread "GC Thread#4" [stack: 0x0000005ce4700000,0x0000005ce4800000] [id=28116]
  0x0000023bbc727d80 WorkerThread "GC Thread#5" [stack: 0x0000005ce4800000,0x0000005ce4900000] [id=13244]
=>0x0000023bbc73d750 WorkerThread "GC Thread#6" [stack: 0x0000005ce4900000,0x0000005ce4a00000] [id=14672]
  0x0000023bbc73cc10 WorkerThread "GC Thread#7" [stack: 0x0000005ce4a00000,0x0000005ce4b00000] [id=25644]
  0x0000023ba47d43f0 ConcurrentGCThread "G1 Main Marker" [stack: 0x0000005ce2f00000,0x0000005ce3000000] [id=25820]
  0x0000023ba47d55c0 WorkerThread "G1 Conc#0" [stack: 0x0000005ce3000000,0x0000005ce3100000] [id=27576]
  0x0000023bbc73da20 WorkerThread "G1 Conc#1" [stack: 0x0000005ce5500000,0x0000005ce5600000] [id=9184]
  0x0000023bb78f9560 ConcurrentGCThread "G1 Refine#0" [stack: 0x0000005ce3100000,0x0000005ce3200000] [id=21068]
  0x0000023bb78f9e10 ConcurrentGCThread "G1 Service" [stack: 0x0000005ce3200000,0x0000005ce3300000] [id=28108]

Threads with active compile tasks:

VM state: at safepoint (normal execution)

VM Mutex/Monitor currently owned by a thread:  ([mutex/lock_event])
[0x0000023ba474f370] Threads_lock - owner thread: 0x0000023bb7a3b330
[0x0000023ba474f520] Heap_lock - owner thread: 0x0000023bbdf46280

Heap address: 0x0000000703200000, size: 4046 MB, Compressed Oops mode: Zero based, Oop shift amount: 3

CDS archive(s) mapped at: [0x0000000800000000-0x0000000800c60000-0x0000000800c60000), size 12976128, SharedBaseAddress: 0x0000000800000000, ArchiveRelocationMode: 0.
Compressed class space mapped at: 0x0000000801000000-0x0000000841000000, reserved size: 1073741824
Narrow klass base: 0x0000000800000000, Narrow klass shift: 0, Narrow klass range: 0x100000000

GC Precious Log:
 CardTable entry size: 512
 Card Set container configuration: InlinePtr #cards 4 size 8 Array Of Cards #cards 16 size 48 Howl #buckets 8 coarsen threshold 3686 Howl Bitmap #cards 512 size 80 coarsen threshold 460 Card regions per heap region 1 cards per card region 4096
 CPUs: 8 total, 8 available
 Memory: 16180M
 Large Page Support: Disabled
 NUMA Support: Disabled
 Compressed Oops: Enabled (Zero based)
 Heap Region Size: 2M
 Heap Min Capacity: 8M
 Heap Initial Capacity: 254M
 Heap Max Capacity: 4046M
 Pre-touch: Disabled
 Parallel Workers: 8
 Concurrent Workers: 2
 Concurrent Refinement Workers: 8
 Periodic GC: Disabled

Heap:
 garbage-first heap   total 81920K, used 37631K [0x0000000703200000, 0x0000000800000000)
  region size 2048K, 6 young (12288K), 1 survivors (2048K)
 Metaspace       used 40462K, committed 41024K, reserved 1114112K
  class space    used 5311K, committed 5568K, reserved 1048576K

Heap Regions: E=young(eden), S=young(survivor), O=old, HS=humongous(starts), HC=humongous(continues), CS=collection set, F=free, OA=open archive, CA=closed archive, TAMS=top-at-mark-start, PB=parsable bottom
|   0|0x0000000703200000, 0x0000000703400000, 0x0000000703400000|100%| O|  |TAMS 0x0000000703200000| PB 0x0000000703200000| Untracked 
|   1|0x0000000703400000, 0x0000000703600000, 0x0000000703600000|100%| O|  |TAMS 0x0000000703400000| PB 0x0000000703400000| Untracked 
|   2|0x0000000703600000, 0x0000000703800000, 0x0000000703800000|100%| O|  |TAMS 0x0000000703600000| PB 0x0000000703600000| Untracked 
|   3|0x0000000703800000, 0x0000000703a00000, 0x0000000703a00000|100%| O|  |TAMS 0x0000000703800000| PB 0x0000000703800000| Untracked 
|   4|0x0000000703a00000, 0x0000000703c00000, 0x0000000703c00000|100%| O|  |TAMS 0x0000000703a00000| PB 0x0000000703a00000| Untracked 
|   5|0x0000000703c00000, 0x0000000703e00000, 0x0000000703e00000|100%| O|  |TAMS 0x0000000703c00000| PB 0x0000000703c00000| Untracked 
|   6|0x0000000703e00000, 0x0000000704000000, 0x0000000704000000|100%| O|  |TAMS 0x0000000703e00000| PB 0x0000000703e00000| Untracked 
|   7|0x0000000704000000, 0x0000000704200000, 0x0000000704200000|100%| O|  |TAMS 0x0000000704000000| PB 0x0000000704000000| Untracked 
|   8|0x0000000704200000, 0x0000000704400000, 0x0000000704400000|100%| O|  |TAMS 0x0000000704200000| PB 0x0000000704200000| Untracked 
|   9|0x0000000704400000, 0x0000000704600000, 0x0000000704600000|100%| O|  |TAMS 0x0000000704400000| PB 0x0000000704400000| Untracked 
|  10|0x0000000704600000, 0x0000000704800000, 0x0000000704800000|100%| O|  |TAMS 0x0000000704600000| PB 0x0000000704600000| Untracked 
|  11|0x0000000704800000, 0x0000000704a00000, 0x0000000704a00000|100%| O|  |TAMS 0x0000000704800000| PB 0x0000000704800000| Untracked 
|  12|0x0000000704a00000, 0x0000000704b8ac00, 0x0000000704c00000| 77%| O|  |TAMS 0x0000000704a00000| PB 0x0000000704a00000| Untracked 
|  13|0x0000000704c00000, 0x0000000704c00000, 0x0000000704e00000|  0%| F|  |TAMS 0x0000000704c00000| PB 0x0000000704c00000| Untracked 
|  14|0x0000000704e00000, 0x0000000704e00000, 0x0000000705000000|  0%| F|  |TAMS 0x0000000704e00000| PB 0x0000000704e00000| Untracked 
|  15|0x0000000705000000, 0x0000000705182980, 0x0000000705200000| 75%| S|  |TAMS 0x0000000705000000| PB 0x0000000705000000| Complete 
|  16|0x0000000705200000, 0x0000000705200000, 0x0000000705400000|  0%| F|  |TAMS 0x0000000705200000| PB 0x0000000705200000| Untracked 
|  17|0x0000000705400000, 0x0000000705400000, 0x0000000705600000|  0%| F|  |TAMS 0x0000000705400000| PB 0x0000000705400000| Untracked 
|  18|0x0000000705600000, 0x0000000705600000, 0x0000000705800000|  0%| F|  |TAMS 0x0000000705600000| PB 0x0000000705600000| Untracked 
|  19|0x0000000705800000, 0x0000000705800000, 0x0000000705a00000|  0%| F|  |TAMS 0x0000000705800000| PB 0x0000000705800000| Untracked 
|  20|0x0000000705a00000, 0x0000000705a00000, 0x0000000705c00000|  0%| F|  |TAMS 0x0000000705a00000| PB 0x0000000705a00000| Untracked 
|  21|0x0000000705c00000, 0x0000000705c00000, 0x0000000705e00000|  0%| F|  |TAMS 0x0000000705c00000| PB 0x0000000705c00000| Untracked 
|  22|0x0000000705e00000, 0x0000000705e00000, 0x0000000706000000|  0%| F|  |TAMS 0x0000000705e00000| PB 0x0000000705e00000| Untracked 
|  23|0x0000000706000000, 0x0000000706000000, 0x0000000706200000|  0%| F|  |TAMS 0x0000000706000000| PB 0x0000000706000000| Untracked 
|  24|0x0000000706200000, 0x0000000706200000, 0x0000000706400000|  0%| F|  |TAMS 0x0000000706200000| PB 0x0000000706200000| Untracked 
|  25|0x0000000706400000, 0x0000000706400000, 0x0000000706600000|  0%| F|  |TAMS 0x0000000706400000| PB 0x0000000706400000| Untracked 
|  26|0x0000000706600000, 0x0000000706600000, 0x0000000706800000|  0%| F|  |TAMS 0x0000000706600000| PB 0x0000000706600000| Untracked 
|  27|0x0000000706800000, 0x0000000706800000, 0x0000000706a00000|  0%| F|  |TAMS 0x0000000706800000| PB 0x0000000706800000| Untracked 
|  28|0x0000000706a00000, 0x0000000706a00000, 0x0000000706c00000|  0%| F|  |TAMS 0x0000000706a00000| PB 0x0000000706a00000| Untracked 
|  29|0x0000000706c00000, 0x0000000706c00000, 0x0000000706e00000|  0%| F|  |TAMS 0x0000000706c00000| PB 0x0000000706c00000| Untracked 
|  30|0x0000000706e00000, 0x0000000706e00000, 0x0000000707000000|  0%| F|  |TAMS 0x0000000706e00000| PB 0x0000000706e00000| Untracked 
|  31|0x0000000707000000, 0x0000000707000000, 0x0000000707200000|  0%| F|  |TAMS 0x0000000707000000| PB 0x0000000707000000| Untracked 
|  32|0x0000000707200000, 0x0000000707200000, 0x0000000707400000|  0%| F|  |TAMS 0x0000000707200000| PB 0x0000000707200000| Untracked 
|  33|0x0000000707400000, 0x0000000707400000, 0x0000000707600000|  0%| F|  |TAMS 0x0000000707400000| PB 0x0000000707400000| Untracked 
|  34|0x0000000707600000, 0x0000000707600000, 0x0000000707800000|  0%| F|  |TAMS 0x0000000707600000| PB 0x0000000707600000| Untracked 
|  40|0x0000000708200000, 0x00000007083b2898, 0x0000000708400000| 84%| E|  |TAMS 0x0000000708200000| PB 0x0000000708200000| Complete 
|  41|0x0000000708400000, 0x0000000708600000, 0x0000000708600000|100%| E|  |TAMS 0x0000000708400000| PB 0x0000000708400000| Complete 
|  42|0x0000000708600000, 0x0000000708800000, 0x0000000708800000|100%| E|  |TAMS 0x0000000708600000| PB 0x0000000708600000| Complete 
|  43|0x0000000708800000, 0x0000000708a00000, 0x0000000708a00000|100%| E|  |TAMS 0x0000000708800000| PB 0x0000000708800000| Complete 
| 126|0x0000000712e00000, 0x0000000713000000, 0x0000000713000000|100%| E|  |TAMS 0x0000000712e00000| PB 0x0000000712e00000| Complete 

Card table byte_map: [0x0000023bb0100000,0x0000023bb08f0000] _byte_map_base: 0x0000023bac8e7000

Marking Bits: (CMBitMap*) 0x0000023ba47c2c90
 Bits: [0x0000023bb10e0000, 0x0000023bb5018000)

Polling page: 0x0000023ba2680000

Metaspace:

Usage:
  Non-class:     34.33 MB used.
      Class:      5.19 MB used.
       Both:     39.51 MB used.

Virtual space:
  Non-class space:       64.00 MB reserved,      34.62 MB ( 54%) committed,  1 nodes.
      Class space:        1.00 GB reserved,       5.44 MB ( <1%) committed,  1 nodes.
             Both:        1.06 GB reserved,      40.06 MB (  4%) committed. 

Chunk freelists:
   Non-Class:  1.20 MB
       Class:  2.54 MB
        Both:  3.75 MB

MaxMetaspaceSize: unlimited
CompressedClassSpaceSize: 1.00 GB
Initial GC threshold: 21.00 MB
Current GC threshold: 52.62 MB
CDS: on
MetaspaceReclaimPolicy: balanced
 - commit_granule_bytes: 65536.
 - commit_granule_words: 8192.
 - virtual_space_node_default_size: 8388608.
 - enlarge_chunks_in_place: 1.
 - new_chunks_are_fully_committed: 0.
 - uncommit_free_chunks: 1.
 - use_allocation_guard: 0.


Internal statistics:

num_allocs_failed_limit: 3.
num_arena_births: 738.
num_arena_deaths: 0.
num_vsnodes_births: 2.
num_vsnodes_deaths: 0.
num_space_committed: 641.
num_space_uncommitted: 0.
num_chunks_returned_to_freelist: 3.
num_chunks_taken_from_freelist: 2074.
num_chunk_merges: 3.
num_chunk_splits: 1435.
num_chunks_enlarged: 1076.
num_inconsistent_stats: 0.

CodeCache: size=49152Kb used=12974Kb max_used=14612Kb free=36177Kb
 bounds [0x0000023bac800000, 0x0000023bad680000, 0x0000023baf800000]
 total_blobs=7456 nmethods=6840 adapters=540
 compilation: enabled
              stopped_count=0, restarted_count=0
 full_count=0

Compilation events (20 events):
Event: 841.230 Thread 0x0000023bb7a69380 6885       1       java.lang.invoke.DelegatingMethodHandle$Holder::reinvoke_L (20 bytes)
Event: 841.231 Thread 0x0000023bb7a69380 nmethod 6885 0x0000023bad3fc990 code [0x0000023bad3fcb20, 0x0000023bad3fcca0]
Event: 885.761 Thread 0x0000023bb7a69380 6886       1       org.springframework.boot.devtools.filewatch.FileSnapshot::getFile (5 bytes)
Event: 885.761 Thread 0x0000023bb7a69380 nmethod 6886 0x0000023bad3fc690 code [0x0000023bad3fc800, 0x0000023bad3fc8d0]
Event: 885.763 Thread 0x0000023bb7a69380 6887       1       org.springframework.boot.devtools.filewatch.DirectorySnapshot::acceptChangedFile (23 bytes)
Event: 885.763 Thread 0x0000023bb7a69380 nmethod 6887 0x0000023bad3fc310 code [0x0000023bad3fc4a0, 0x0000023bad3fc5d8]
Event: 885.771 Thread 0x0000023bb7a69380 6888       1       java.util.Formatter$FormatSpecifier::index (5 bytes)
Event: 885.772 Thread 0x0000023bb7a69380 nmethod 6888 0x0000023bad3fc010 code [0x0000023bad3fc180, 0x0000023bad3fc248]
Event: 885.787 Thread 0x0000023bb7a69380 6889       1       java.text.DateFormat::format (19 bytes)
Event: 885.787 Thread 0x0000023bb7a69380 nmethod 6889 0x0000023bad3fb710 code [0x0000023bad3fb8e0, 0x0000023bad3fbdd0]
Event: 885.788 Thread 0x0000023bb7a69380 6890       1       java.text.SimpleDateFormat::format (21 bytes)
Event: 885.788 Thread 0x0000023bb7a69380 nmethod 6890 0x0000023bad3fb310 code [0x0000023bad3fb4a0, 0x0000023bad3fb5e0]
Event: 888.094 Thread 0x0000023bb7a69380 6891       1       java.security.Permission::<init> (10 bytes)
Event: 888.094 Thread 0x0000023bb7a69380 nmethod 6891 0x0000023bad3faf90 code [0x0000023bad3fb120, 0x0000023bad3fb240]
Event: 893.113 Thread 0x0000023bb7a69380 6892  s    1       org.apache.catalina.util.LifecycleBase::setStateInternal (144 bytes)
Event: 893.114 Thread 0x0000023bb7a69380 nmethod 6892 0x0000023bad3fa290 code [0x0000023bad3fa4a0, 0x0000023bad3fac00]
Event: 893.116 Thread 0x0000023bb7a69380 6894       1       java.lang.invoke.DirectMethodHandle::getFunction (53 bytes)
Event: 893.116 Thread 0x0000023bb7a69380 nmethod 6894 0x0000023bad3f9a90 code [0x0000023bad3f9c40, 0x0000023bad3f9e48]
Event: 893.116 Thread 0x0000023bb7a69380 6895       1       java.lang.invoke.LambdaForm$NamedFunction::<init> (15 bytes)
Event: 893.116 Thread 0x0000023bb7a69380 nmethod 6895 0x0000023bad3f9710 code [0x0000023bad3f98a0, 0x0000023bad3f9a10]

GC Heap History (20 events):
Event: 2.718 GC heap after
{Heap after GC invocations=10 (full 0):
 garbage-first heap   total 155648K, used 17333K [0x0000000703200000, 0x0000000800000000)
  region size 2048K, 2 young (4096K), 2 survivors (4096K)
 Metaspace       used 26125K, committed 26560K, reserved 1114112K
  class space    used 3393K, committed 3584K, reserved 1048576K
}
Event: 3.333 GC heap before
{Heap before GC invocations=10 (full 0):
 garbage-first heap   total 155648K, used 78773K [0x0000000703200000, 0x0000000800000000)
  region size 2048K, 34 young (69632K), 2 survivors (4096K)
 Metaspace       used 31840K, committed 32256K, reserved 1114112K
  class space    used 4139K, committed 4352K, reserved 1048576K
}
Event: 3.338 GC heap after
{Heap after GC invocations=11 (full 0):
 garbage-first heap   total 155648K, used 21429K [0x0000000703200000, 0x0000000800000000)
  region size 2048K, 4 young (8192K), 4 survivors (8192K)
 Metaspace       used 31840K, committed 32256K, reserved 1114112K
  class space    used 4139K, committed 4352K, reserved 1048576K
}
Event: 13.079 GC heap before
{Heap before GC invocations=12 (full 0):
 garbage-first heap   total 81920K, used 62389K [0x0000000703200000, 0x0000000800000000)
  region size 2048K, 24 young (49152K), 4 survivors (8192K)
 Metaspace       used 35550K, committed 36032K, reserved 1114112K
  class space    used 4629K, committed 4864K, reserved 1048576K
}
Event: 13.093 GC heap after
{Heap after GC invocations=13 (full 0):
 garbage-first heap   total 81920K, used 23454K [0x0000000703200000, 0x0000000800000000)
  region size 2048K, 2 young (4096K), 2 survivors (4096K)
 Metaspace       used 35550K, committed 36032K, reserved 1114112K
  class space    used 4629K, committed 4864K, reserved 1048576K
}
Event: 14.315 GC heap before
{Heap before GC invocations=13 (full 0):
 garbage-first heap   total 81920K, used 66462K [0x0000000703200000, 0x0000000800000000)
  region size 2048K, 24 young (49152K), 2 survivors (4096K)
 Metaspace       used 39324K, committed 39872K, reserved 1114112K
  class space    used 5132K, committed 5376K, reserved 1048576K
}
Event: 14.318 GC heap after
{Heap after GC invocations=14 (full 0):
 garbage-first heap   total 81920K, used 26194K [0x0000000703200000, 0x0000000800000000)
  region size 2048K, 3 young (6144K), 3 survivors (6144K)
 Metaspace       used 39324K, committed 39872K, reserved 1114112K
  class space    used 5132K, committed 5376K, reserved 1048576K
}
Event: 128.697 GC heap before
{Heap before GC invocations=14 (full 0):
 garbage-first heap   total 81920K, used 67154K [0x0000000703200000, 0x0000000800000000)
  region size 2048K, 24 young (49152K), 3 survivors (6144K)
 Metaspace       used 39697K, committed 40128K, reserved 1114112K
  class space    used 5184K, committed 5376K, reserved 1048576K
}
Event: 128.700 GC heap after
{Heap after GC invocations=15 (full 0):
 garbage-first heap   total 81920K, used 27599K [0x0000000703200000, 0x0000000800000000)
  region size 2048K, 3 young (6144K), 3 survivors (6144K)
 Metaspace       used 39697K, committed 40128K, reserved 1114112K
  class space    used 5184K, committed 5376K, reserved 1048576K
}
Event: 273.434 GC heap before
{Heap before GC invocations=15 (full 0):
 garbage-first heap   total 81920K, used 66511K [0x0000000703200000, 0x0000000800000000)
  region size 2048K, 23 young (47104K), 3 survivors (6144K)
 Metaspace       used 39697K, committed 40128K, reserved 1114112K
  class space    used 5184K, committed 5376K, reserved 1048576K
}
Event: 273.439 GC heap after
{Heap after GC invocations=16 (full 0):
 garbage-first heap   total 81920K, used 27431K [0x0000000703200000, 0x0000000800000000)
  region size 2048K, 1 young (2048K), 1 survivors (2048K)
 Metaspace       used 39697K, committed 40128K, reserved 1114112K
  class space    used 5184K, committed 5376K, reserved 1048576K
}
Event: 439.377 GC heap before
{Heap before GC invocations=16 (full 0):
 garbage-first heap   total 81920K, used 72487K [0x0000000703200000, 0x0000000800000000)
  region size 2048K, 23 young (47104K), 1 survivors (2048K)
 Metaspace       used 39698K, committed 40128K, reserved 1114112K
  class space    used 5184K, committed 5376K, reserved 1048576K
}
Event: 439.378 GC heap after
{Heap after GC invocations=17 (full 0):
 garbage-first heap   total 81920K, used 27085K [0x0000000703200000, 0x0000000800000000)
  region size 2048K, 1 young (2048K), 1 survivors (2048K)
 Metaspace       used 39698K, committed 40128K, reserved 1114112K
  class space    used 5184K, committed 5376K, reserved 1048576K
}
Event: 581.597 GC heap before
{Heap before GC invocations=17 (full 0):
 garbage-first heap   total 81920K, used 74189K [0x0000000703200000, 0x0000000800000000)
  region size 2048K, 24 young (49152K), 1 survivors (2048K)
 Metaspace       used 39841K, committed 40384K, reserved 1114112K
  class space    used 5211K, committed 5440K, reserved 1048576K
}
Event: 581.599 GC heap after
{Heap after GC invocations=18 (full 0):
 garbage-first heap   total 81920K, used 27278K [0x0000000703200000, 0x0000000800000000)
  region size 2048K, 1 young (2048K), 1 survivors (2048K)
 Metaspace       used 39841K, committed 40384K, reserved 1114112K
  class space    used 5211K, committed 5440K, reserved 1048576K
}
Event: 707.236 GC heap before
{Heap before GC invocations=18 (full 0):
 garbage-first heap   total 81920K, used 74382K [0x0000000703200000, 0x0000000800000000)
  region size 2048K, 24 young (49152K), 1 survivors (2048K)
 Metaspace       used 40288K, committed 40832K, reserved 1114112K
  class space    used 5279K, committed 5504K, reserved 1048576K
}
Event: 707.238 GC heap after
{Heap after GC invocations=19 (full 0):
 garbage-first heap   total 81920K, used 27712K [0x0000000703200000, 0x0000000800000000)
  region size 2048K, 1 young (2048K), 1 survivors (2048K)
 Metaspace       used 40288K, committed 40832K, reserved 1114112K
  class space    used 5279K, committed 5504K, reserved 1048576K
}
Event: 860.119 GC heap before
{Heap before GC invocations=19 (full 0):
 garbage-first heap   total 81920K, used 74816K [0x0000000703200000, 0x0000000800000000)
  region size 2048K, 24 young (49152K), 1 survivors (2048K)
 Metaspace       used 40364K, committed 40896K, reserved 1114112K
  class space    used 5293K, committed 5504K, reserved 1048576K
}
Event: 860.121 GC heap after
{Heap after GC invocations=20 (full 0):
 garbage-first heap   total 81920K, used 27701K [0x0000000703200000, 0x0000000800000000)
  region size 2048K, 1 young (2048K), 1 survivors (2048K)
 Metaspace       used 40364K, committed 40896K, reserved 1114112K
  class space    used 5293K, committed 5504K, reserved 1048576K
}
Event: 893.118 GC heap before
{Heap before GC invocations=20 (full 0):
 garbage-first heap   total 81920K, used 35893K [0x0000000703200000, 0x0000000800000000)
  region size 2048K, 6 young (12288K), 1 survivors (2048K)
 Metaspace       used 40462K, committed 41024K, reserved 1114112K
  class space    used 5311K, committed 5568K, reserved 1048576K
}

Dll operation events (13 events):
Event: 0.016 Loaded shared library C:\Curso\java\jdk-20\bin\java.dll
Event: 0.025 Loaded shared library C:\Curso\java\jdk-20\bin\jsvml.dll
Event: 0.271 Loaded shared library C:\Curso\java\jdk-20\bin\zip.dll
Event: 0.274 Loaded shared library C:\Curso\java\jdk-20\bin\instrument.dll
Event: 0.279 Loaded shared library C:\Curso\java\jdk-20\bin\net.dll
Event: 0.279 Loaded shared library C:\Curso\java\jdk-20\bin\nio.dll
Event: 0.282 Loaded shared library C:\Curso\java\jdk-20\bin\zip.dll
Event: 0.383 Loaded shared library C:\Curso\java\jdk-20\bin\jimage.dll
Event: 0.429 Loaded shared library C:\Curso\java\jdk-20\bin\management.dll
Event: 0.438 Loaded shared library C:\Curso\java\jdk-20\bin\management_ext.dll
Event: 0.648 Loaded shared library C:\Curso\java\jdk-20\bin\extnet.dll
Event: 0.665 Loaded shared library C:\Curso\java\jdk-20\bin\verify.dll
Event: 2.588 Loaded shared library C:\Curso\java\jdk-20\bin\sunmscapi.dll

Deoptimization events (20 events):
Event: 888.097 Thread 0x0000023bbce74160 DEOPT PACKING pc=0x0000023bac981f74 sp=0x0000005ce5bff0e0
Event: 888.097 Thread 0x0000023bbce74160 DEOPT UNPACKING pc=0x0000023bac86a4c2 sp=0x0000005ce5bfe688 mode 1
Event: 893.111 Thread 0x0000023bbce726d0 DEOPT PACKING pc=0x0000023bac985cfc sp=0x0000005ce57ff2e0
Event: 893.111 Thread 0x0000023bbce726d0 DEOPT UNPACKING pc=0x0000023bac86a4c2 sp=0x0000005ce57fe7b8 mode 1
Event: 893.113 Thread 0x0000023bbce72180 DEOPT PACKING pc=0x0000023bac981f74 sp=0x0000005ce56fefd0
Event: 893.113 Thread 0x0000023bbce72180 DEOPT UNPACKING pc=0x0000023bac86a4c2 sp=0x0000005ce56fe570 mode 1
Event: 893.113 Thread 0x0000023bbce72180 DEOPT PACKING pc=0x0000023bac974974 sp=0x0000005ce56ff140
Event: 893.113 Thread 0x0000023bbce72180 DEOPT UNPACKING pc=0x0000023bac86a4c2 sp=0x0000005ce56fe698 mode 1
Event: 893.113 Thread 0x0000023bbce72180 DEOPT PACKING pc=0x0000023bac9743ec sp=0x0000005ce56ff270
Event: 893.113 Thread 0x0000023bbce72180 DEOPT UNPACKING pc=0x0000023bac86a4c2 sp=0x0000005ce56fe710 mode 1
Event: 893.113 Thread 0x0000023bbce72180 DEOPT PACKING pc=0x0000023bac977f04 sp=0x0000005ce56ff2b0
Event: 893.113 Thread 0x0000023bbce72c20 DEOPT PACKING pc=0x0000023bac981f74 sp=0x0000005ce54ff080
Event: 893.113 Thread 0x0000023bbce72180 DEOPT UNPACKING pc=0x0000023bac86a4c2 sp=0x0000005ce56fe7b0 mode 1
Event: 893.113 Thread 0x0000023bbce72c20 DEOPT UNPACKING pc=0x0000023bac86a4c2 sp=0x0000005ce54fe620 mode 1
Event: 893.114 Thread 0x0000023bbce72c20 DEOPT PACKING pc=0x0000023bac974a84 sp=0x0000005ce54ff1f0
Event: 893.114 Thread 0x0000023bbce72c20 DEOPT UNPACKING pc=0x0000023bac86a4c2 sp=0x0000005ce54fe748 mode 1
Event: 893.114 Thread 0x0000023bbce72c20 DEOPT PACKING pc=0x0000023bac9743ec sp=0x0000005ce54ff320
Event: 893.114 Thread 0x0000023bbce72c20 DEOPT UNPACKING pc=0x0000023bac86a4c2 sp=0x0000005ce54fe7c0 mode 1
Event: 893.114 Thread 0x0000023bbce72c20 DEOPT PACKING pc=0x0000023bac977f04 sp=0x0000005ce54ff360
Event: 893.114 Thread 0x0000023bbce72c20 DEOPT UNPACKING pc=0x0000023bac86a4c2 sp=0x0000005ce54fe860 mode 1

Classes loaded (20 events):
Event: 30.173 Loading class java/time/zone/Ser
Event: 30.173 Loading class java/time/zone/Ser done
Event: 698.961 Loading class java/io/UncheckedIOException
Event: 698.961 Loading class java/io/UncheckedIOException done
Event: 698.965 Loading class java/io/FileOutputStream$1
Event: 698.965 Loading class java/io/FileOutputStream$1 done
Event: 699.133 Loading class sun/nio/cs/ISO_8859_1$Encoder
Event: 699.170 Loading class sun/nio/cs/ISO_8859_1$Encoder done
Event: 699.170 Loading class sun/nio/cs/Surrogate$Parser
Event: 699.170 Loading class sun/nio/cs/Surrogate$Parser done
Event: 699.170 Loading class sun/nio/cs/Surrogate
Event: 699.171 Loading class sun/nio/cs/Surrogate done
Event: 699.938 Loading class jdk/internal/reflect/MethodHandleBooleanFieldAccessorImpl
Event: 699.938 Loading class jdk/internal/reflect/MethodHandleBooleanFieldAccessorImpl done
Event: 888.095 Loading class java/util/WeakHashMap$KeyIterator
Event: 888.095 Loading class java/util/WeakHashMap$KeyIterator done
Event: 888.096 Loading class java/util/concurrent/locks/AbstractQueuedSynchronizer$SharedNode
Event: 888.096 Loading class java/util/concurrent/locks/AbstractQueuedSynchronizer$SharedNode done
Event: 893.111 Loading class javax/management/ObjectName$PatternProperty
Event: 893.112 Loading class javax/management/ObjectName$PatternProperty done

Classes unloaded (0 events):
No events

Classes redefined (0 events):
No events

Internal exceptions (20 events):
Event: 14.236 Thread 0x0000023bbce74160 Exception <a 'java/lang/NoSuchMethodError'{0x00000007056013c8}: 'java.lang.Object java.lang.invoke.DirectMethodHandle$Holder.invokeStatic(java.lang.Object, int, int)'> (0x00000007056013c8) 
thrown [s\open\src\hotspot\share\interpreter\linkResolver.cpp, line 773]
Event: 14.236 Thread 0x0000023bbdf46d20 Exception <a 'java/lang/NoSuchMethodError'{0x000000070560f0e8}: 'java.lang.Object java.lang.invoke.DirectMethodHandle$Holder.invokeStatic(java.lang.Object, int, int)'> (0x000000070560f0e8) 
thrown [s\open\src\hotspot\share\interpreter\linkResolver.cpp, line 773]
Event: 14.237 Thread 0x0000023bbdf47d10 Exception <a 'java/lang/NoSuchMethodError'{0x00000007059bcda8}: 'java.lang.Object java.lang.invoke.DirectMethodHandle$Holder.invokeStatic(java.lang.Object, int, int)'> (0x00000007059bcda8) 
thrown [s\open\src\hotspot\share\interpreter\linkResolver.cpp, line 773]
Event: 14.237 Thread 0x0000023bbdf447f0 Exception <a 'java/lang/NoSuchMethodError'{0x00000007059f3ef8}: 'java.lang.Object java.lang.invoke.DirectMethodHandle$Holder.invokeStatic(java.lang.Object, int, int)'> (0x00000007059f3ef8) 
thrown [s\open\src\hotspot\share\interpreter\linkResolver.cpp, line 773]
Event: 14.237 Thread 0x0000023bbce70c40 Exception <a 'java/lang/NoSuchMethodError'{0x0000000705956750}: 'java.lang.Object java.lang.invoke.DirectMethodHandle$Holder.invokeStatic(java.lang.Object, int, int)'> (0x0000000705956750) 
thrown [s\open\src\hotspot\share\interpreter\linkResolver.cpp, line 773]
Event: 30.094 Thread 0x0000023bbce74160 Exception <a 'java/lang/NoClassDefFoundError'{0x0000000708395670}: sun/reflect/Reflection> (0x0000000708395670) 
thrown [s\open\src\hotspot\share\classfile\systemDictionary.cpp, line 294]
Event: 570.159 Thread 0x0000023bbce73c10 Exception <a 'java/lang/NoSuchMethodError'{0x0000000705a60c88}: 'void java.lang.invoke.DirectMethodHandle$Holder.invokeVirtual(java.lang.Object, java.lang.Object, double)'> (0x0000000705a60c88) 
thrown [s\open\src\hotspot\share\interpreter\linkResolver.cpp, line 773]
Event: 570.162 Thread 0x0000023bbce73c10 Exception <a 'java/lang/NoSuchMethodError'{0x0000000705a6b558}: 'double java.lang.invoke.DelegatingMethodHandle$Holder.reinvoke_L(java.lang.Object, java.lang.Object, int)'> (0x0000000705a6b558) 
thrown [s\open\src\hotspot\share\interpreter\linkResolver.cpp, line 773]
Event: 570.165 Thread 0x0000023bbce73c10 Exception <a 'java/lang/NoSuchMethodError'{0x0000000705a75790}: 'void java.lang.invoke.DelegatingMethodHandle$Holder.reinvoke_L(java.lang.Object, java.lang.Object, double)'> (0x0000000705a75790) 
thrown [s\open\src\hotspot\share\interpreter\linkResolver.cpp, line 773]
Event: 570.176 Thread 0x0000023bbce73c10 Exception <a 'java/lang/NoSuchMethodError'{0x0000000705a94920}: 'double java.lang.invoke.DirectMethodHandle$Holder.invokeVirtual(java.lang.Object, java.lang.Object)'> (0x0000000705a94920) 
thrown [s\open\src\hotspot\share\interpreter\linkResolver.cpp, line 773]
Event: 570.178 Thread 0x0000023bbce73c10 Exception <a 'java/lang/NoSuchMethodError'{0x0000000705a98a40}: 'double java.lang.invoke.DelegatingMethodHandle$Holder.reinvoke_L(java.lang.Object, java.lang.Object)'> (0x0000000705a98a40) 
thrown [s\open\src\hotspot\share\interpreter\linkResolver.cpp, line 773]
Event: 697.223 Thread 0x0000023bbdf477c0 Exception <a 'java/lang/NoSuchMethodError'{0x00000007063c2a48}: 'java.lang.Object java.lang.invoke.DirectMethodHandle$Holder.invokeVirtual(java.lang.Object, java.lang.Object, int, java.lang.Object, java.lang.Object)'> (0x00000007063c2a48) 
thrown [s\open\src\hotspot\share\interpreter\linkResolver.cpp, line 773]
Event: 697.223 Thread 0x0000023bbdf477c0 Exception <a 'java/lang/NoSuchMethodError'{0x00000007063c6698}: 'java.lang.Object java.lang.invoke.DelegatingMethodHandle$Holder.reinvoke_L(java.lang.Object, java.lang.Object, int, java.lang.Object, java.lang.Object)'> (0x00000007063c6698) 
thrown [s\open\src\hotspot\share\interpreter\linkResolver.cpp, line 773]
Event: 698.989 Thread 0x0000023bbdf477c0 Exception <a 'java/lang/NoSuchMethodError'{0x0000000705cf41b0}: 'void java.lang.invoke.DirectMethodHandle$Holder.invokeVirtual(java.lang.Object, java.lang.Object, java.lang.Object, java.lang.Object, java.lang.Object, java.lang.Object)'> (0x0000000705cf41b0) 
thrown [s\open\src\hotspot\share\interpreter\linkResolver.cpp, line 773]
Event: 698.990 Thread 0x0000023bbdf477c0 Exception <a 'java/lang/NoSuchMethodError'{0x0000000705cf80c0}: 'void java.lang.invoke.DelegatingMethodHandle$Holder.reinvoke_L(java.lang.Object, java.lang.Object, java.lang.Object, java.lang.Object, java.lang.Object, java.lang.Object)'> (0x0000000705cf80c0) 
thrown [s\open\src\hotspot\share\interpreter\linkResolver.cpp, line 773]
Event: 699.939 Thread 0x0000023bbdf477c0 Exception <a 'java/lang/NoSuchMethodError'{0x0000000705bffcf0}: 'int java.lang.invoke.Invokers$Holder.invokeExact_MT(java.lang.Object, java.lang.Object, java.lang.Object)'> (0x0000000705bffcf0) 
thrown [s\open\src\hotspot\share\interpreter\linkResolver.cpp, line 773]
Event: 707.449 Thread 0x0000023bbdf47270 Exception <a 'java/io/IOException'{0x000000070883ce10}> (0x000000070883ce10) 
thrown [s\open\src\hotspot\share\prims\jni.cpp, line 519]
Event: 707.458 Thread 0x0000023bbdf47270 Exception <a 'java/io/IOException'{0x00000007088d90f8}> (0x00000007088d90f8) 
thrown [s\open\src\hotspot\share\prims\jni.cpp, line 519]
Event: 893.110 Thread 0x0000023bbce726d0 Exception <a 'java/lang/InterruptedException'{0x00000007083870d0}: sleep interrupted> (0x00000007083870d0) 
thrown [s\open\src\hotspot\share\prims\jvm.cpp, line 3086]
Event: 893.116 Thread 0x0000023bbdf46280 Exception <a 'java/lang/NoSuchMethodError'{0x000000070839fab0}: 'void java.lang.invoke.DirectMethodHandle$Holder.invokeInterface(java.lang.Object, java.lang.Object)'> (0x000000070839fab0) 
thrown [s\open\src\hotspot\share\interpreter\linkResolver.cpp, line 773]

VM Operations (20 events):
Event: 885.835 Executing VM operation: get/set locals done
Event: 885.836 Executing VM operation: get/set locals
Event: 885.836 Executing VM operation: get/set locals done
Event: 885.836 Executing VM operation: get/set locals
Event: 885.836 Executing VM operation: get/set locals done
Event: 885.837 Executing VM operation: get/set locals
Event: 885.837 Executing VM operation: get/set locals done
Event: 885.837 Executing VM operation: get/set locals
Event: 885.837 Executing VM operation: get/set locals done
Event: 885.837 Executing VM operation: get/set locals
Event: 885.838 Executing VM operation: get/set locals done
Event: 885.838 Executing VM operation: get/set locals
Event: 885.839 Executing VM operation: get/set locals done
Event: 885.962 Executing VM operation: get/set locals
Event: 885.962 Executing VM operation: get/set locals done
Event: 886.977 Executing VM operation: Cleanup
Event: 886.977 Executing VM operation: Cleanup done
Event: 888.165 Executing VM operation: get/set locals
Event: 888.166 Executing VM operation: get/set locals done
Event: 893.117 Executing VM operation: G1CollectFull

Events (20 events):
Event: 712.466 Thread 0x0000023bbd4bc200 Thread exited: 0x0000023bbd4bc200
Event: 717.469 Thread 0x0000023bbd4bb150 Thread exited: 0x0000023bbd4bb150
Event: 754.631 Thread 0x0000023bbd4bc200 Thread added: 0x0000023bbd4bc200
Event: 759.641 Thread 0x0000023bbd4bc200 Thread exited: 0x0000023bbd4bc200
Event: 885.773 Thread 0x0000023bbdf46280 Thread added: 0x0000023bbdf46280
Event: 885.773 Thread 0x0000023bbce73170 Thread exited: 0x0000023bbce73170
Event: 885.786 Thread 0x0000023bbdf43d50 Thread exited: 0x0000023bbdf43d50
Event: 888.096 Thread 0x0000023bbdf45d30 Thread exited: 0x0000023bbdf45d30
Event: 888.097 Thread 0x0000023bbdf46d20 Thread exited: 0x0000023bbdf46d20
Event: 888.097 Thread 0x0000023bbdf47270 Thread exited: 0x0000023bbdf47270
Event: 888.097 Thread 0x0000023bbce71190 Thread exited: 0x0000023bbce71190
Event: 888.097 Thread 0x0000023bbce70c40 Thread exited: 0x0000023bbce70c40
Event: 888.097 Thread 0x0000023bbdf477c0 Thread exited: 0x0000023bbdf477c0
Event: 888.097 Thread 0x0000023bbdf40d80 Thread exited: 0x0000023bbdf40d80
Event: 888.097 Thread 0x0000023bbdf447f0 Thread exited: 0x0000023bbdf447f0
Event: 888.097 Thread 0x0000023bbdf47d10 Thread exited: 0x0000023bbdf47d10
Event: 888.097 Thread 0x0000023bbce74160 Thread exited: 0x0000023bbce74160
Event: 893.111 Thread 0x0000023bbce726d0 Thread exited: 0x0000023bbce726d0
Event: 893.114 Thread 0x0000023bbce72180 Thread exited: 0x0000023bbce72180
Event: 893.114 Thread 0x0000023bbce72c20 Thread exited: 0x0000023bbce72c20


Dynamic libraries:
0x00007ff7083c0000 - 0x00007ff7083ce000 	C:\Curso\java\jdk-20\bin\javaw.exe
0x00007ffef56f0000 - 0x00007ffef5907000 	C:\WINDOWS\SYSTEM32\ntdll.dll
0x00007ffef3480000 - 0x00007ffef3544000 	C:\WINDOWS\System32\KERNEL32.DLL
0x00007ffef2de0000 - 0x00007ffef318e000 	C:\WINDOWS\System32\KERNELBASE.dll
0x00007ffef2bd0000 - 0x00007ffef2ce1000 	C:\WINDOWS\System32\ucrtbase.dll
0x00007ffed19d0000 - 0x00007ffed19eb000 	C:\Curso\java\jdk-20\bin\VCRUNTIME140.dll
0x00007ffedb450000 - 0x00007ffedb467000 	C:\Curso\java\jdk-20\bin\jli.dll
0x00007ffef3700000 - 0x00007ffef38ad000 	C:\WINDOWS\System32\USER32.dll
0x00007ffef3300000 - 0x00007ffef3326000 	C:\WINDOWS\System32\win32u.dll
0x00007ffedb0a0000 - 0x00007ffedb333000 	C:\WINDOWS\WinSxS\amd64_microsoft.windows.common-controls_6595b64144ccf1df_6.0.23595.1001_none_ee7d2c1a7bddebd4\COMCTL32.dll
0x00007ffef3630000 - 0x00007ffef36d7000 	C:\WINDOWS\System32\msvcrt.dll
0x00007ffef3450000 - 0x00007ffef3479000 	C:\WINDOWS\System32\GDI32.dll
0x00007ffef3330000 - 0x00007ffef3449000 	C:\WINDOWS\System32\gdi32full.dll
0x00007ffef2a70000 - 0x00007ffef2b0a000 	C:\WINDOWS\System32\msvcp_win.dll
0x00007ffef50f0000 - 0x00007ffef5121000 	C:\WINDOWS\System32\IMM32.DLL
0x00007ffee2e10000 - 0x00007ffee2e1c000 	C:\Curso\java\jdk-20\bin\vcruntime140_1.dll
0x00007ffeb91a0000 - 0x00007ffeb922e000 	C:\Curso\java\jdk-20\bin\msvcp140.dll
0x00007ffe3f6c0000 - 0x00007ffe40357000 	C:\Curso\java\jdk-20\bin\server\jvm.dll
0x00007ffef5130000 - 0x00007ffef51e0000 	C:\WINDOWS\System32\ADVAPI32.dll
0x00007ffef5270000 - 0x00007ffef5316000 	C:\WINDOWS\System32\sechost.dll
0x00007ffef4da0000 - 0x00007ffef4eb7000 	C:\WINDOWS\System32\RPCRT4.dll
0x00007ffee0f90000 - 0x00007ffee0fc4000 	C:\WINDOWS\SYSTEM32\WINMM.dll
0x00007ffee2920000 - 0x00007ffee2929000 	C:\WINDOWS\SYSTEM32\WSOCK32.dll
0x00007ffee28f0000 - 0x00007ffee28fa000 	C:\WINDOWS\SYSTEM32\VERSION.dll
0x00007ffef35b0000 - 0x00007ffef3621000 	C:\WINDOWS\System32\WS2_32.dll
0x00007ffef1ac0000 - 0x00007ffef1ad8000 	C:\WINDOWS\SYSTEM32\kernel.appcore.dll
0x00007ffef0220000 - 0x00007ffef022a000 	C:\Curso\java\jdk-20\bin\jimage.dll
0x00007ffeefc50000 - 0x00007ffeefe83000 	C:\WINDOWS\SYSTEM32\DBGHELP.DLL
0x00007ffef5320000 - 0x00007ffef56a9000 	C:\WINDOWS\System32\combase.dll
0x00007ffef3d80000 - 0x00007ffef3e57000 	C:\WINDOWS\System32\OLEAUT32.dll
0x00007ffee3540000 - 0x00007ffee3572000 	C:\WINDOWS\SYSTEM32\dbgcore.DLL
0x00007ffef2d60000 - 0x00007ffef2dda000 	C:\WINDOWS\System32\bcryptPrimitives.dll
0x00007ffed2b20000 - 0x00007ffed2b5c000 	C:\Curso\java\jdk-20\bin\jdwp.dll
0x00007ffed74a0000 - 0x00007ffed74ae000 	C:\Curso\java\jdk-20\bin\instrument.dll
0x00007ffee3120000 - 0x00007ffee3146000 	C:\Curso\java\jdk-20\bin\java.dll
0x00007ffed1690000 - 0x00007ffed1767000 	C:\Curso\java\jdk-20\bin\jsvml.dll
0x00007ffef4530000 - 0x00007ffef4d86000 	C:\WINDOWS\System32\SHELL32.dll
0x00007ffef0940000 - 0x00007ffef124e000 	C:\WINDOWS\SYSTEM32\windows.storage.dll
0x00007ffef0800000 - 0x00007ffef093e000 	C:\WINDOWS\SYSTEM32\wintypes.dll
0x00007ffef3a80000 - 0x00007ffef3b73000 	C:\WINDOWS\System32\SHCORE.dll
0x00007ffef38d0000 - 0x00007ffef392e000 	C:\WINDOWS\System32\shlwapi.dll
0x00007ffef29a0000 - 0x00007ffef29c6000 	C:\WINDOWS\SYSTEM32\profapi.dll
0x00007ffed1b80000 - 0x00007ffed1b8c000 	C:\Curso\java\jdk-20\bin\dt_socket.dll
0x00007ffef1520000 - 0x00007ffef154d000 	C:\WINDOWS\SYSTEM32\IPHLPAPI.DLL
0x00007ffef1fc0000 - 0x00007ffef2029000 	C:\WINDOWS\system32\mswsock.dll
0x00007ffef1590000 - 0x00007ffef1689000 	C:\WINDOWS\SYSTEM32\DNSAPI.dll
0x00007ffef3e60000 - 0x00007ffef3e69000 	C:\WINDOWS\System32\NSI.dll
0x00007ffee0230000 - 0x00007ffee023a000 	C:\Windows\System32\rasadhlp.dll
0x00007ffee0490000 - 0x00007ffee0513000 	C:\WINDOWS\System32\fwpuclnt.dll
0x00007ffee1c60000 - 0x00007ffee1c78000 	C:\Curso\java\jdk-20\bin\zip.dll
0x00007ffee2930000 - 0x00007ffee2943000 	C:\Curso\java\jdk-20\bin\net.dll
0x00007ffeed380000 - 0x00007ffeed4b7000 	C:\WINDOWS\SYSTEM32\WINHTTP.dll
0x00007ffee1ca0000 - 0x00007ffee1cb6000 	C:\Curso\java\jdk-20\bin\nio.dll
0x00007ffee1c90000 - 0x00007ffee1c9a000 	C:\Curso\java\jdk-20\bin\management.dll
0x00007ffee1c30000 - 0x00007ffee1c3b000 	C:\Curso\java\jdk-20\bin\management_ext.dll
0x00007ffef3e70000 - 0x00007ffef3e78000 	C:\WINDOWS\System32\PSAPI.DLL
0x00007ffed70d0000 - 0x00007ffed70e7000 	C:\WINDOWS\system32\napinsp.dll
0x00007ffed70b0000 - 0x00007ffed70cb000 	C:\WINDOWS\system32\pnrpnsp.dll
0x00007ffed6630000 - 0x00007ffed6651000 	C:\WINDOWS\system32\nlansp_c.dll
0x00007ffed7090000 - 0x00007ffed70a1000 	C:\WINDOWS\System32\winrnr.dll
0x00007ffed6610000 - 0x00007ffed6625000 	C:\WINDOWS\system32\wshbth.dll
0x00007ffef2230000 - 0x00007ffef224b000 	C:\WINDOWS\SYSTEM32\CRYPTSP.dll
0x00007ffef1a80000 - 0x00007ffef1ab5000 	C:\WINDOWS\system32\rsaenh.dll
0x00007ffef20b0000 - 0x00007ffef20dc000 	C:\WINDOWS\SYSTEM32\USERENV.dll
0x00007ffef2420000 - 0x00007ffef2448000 	C:\WINDOWS\SYSTEM32\bcrypt.dll
0x00007ffef2250000 - 0x00007ffef225c000 	C:\WINDOWS\SYSTEM32\CRYPTBASE.dll
0x00007ffee0d10000 - 0x00007ffee0d29000 	C:\WINDOWS\SYSTEM32\dhcpcsvc6.DLL
0x00007ffee0cf0000 - 0x00007ffee0d0f000 	C:\WINDOWS\SYSTEM32\dhcpcsvc.DLL
0x00007ffee00f0000 - 0x00007ffee00f7000 	C:\Curso\java\jdk-20\bin\extnet.dll
0x00007ffeef880000 - 0x00007ffeef890000 	C:\Curso\java\jdk-20\bin\verify.dll
0x00007ffee3350000 - 0x00007ffee335e000 	C:\Curso\java\jdk-20\bin\sunmscapi.dll
0x00007ffef3190000 - 0x00007ffef32f6000 	C:\WINDOWS\System32\CRYPT32.dll
0x00007ffef23f0000 - 0x00007ffef241d000 	C:\WINDOWS\SYSTEM32\ncrypt.dll
0x00007ffef23b0000 - 0x00007ffef23e7000 	C:\WINDOWS\SYSTEM32\NTASN1.dll
0x00007ffebed00000 - 0x00007ffebed08000 	C:\WINDOWS\system32\wshunix.dll

dbghelp: loaded successfully - version: 4.0.5 - missing functions: none
symbol engine: initialized successfully - sym options: 0x614 - pdb path: .;C:\Curso\java\jdk-20\bin;C:\WINDOWS\SYSTEM32;C:\WINDOWS\WinSxS\amd64_microsoft.windows.common-controls_6595b64144ccf1df_6.0.23595.1001_none_ee7d2c1a7bddebd4;C:\Curso\java\jdk-20\bin\server

VM Arguments:
jvm_args: -XX:+ShowCodeDetailsInExceptionMessages -agentlib:jdwp=transport=dt_socket,suspend=y,address=localhost:58100 -Dcom.sun.management.jmxremote -Dcom.sun.management.jmxremote.port=58098 -Dcom.sun.management.jmxremote.authenticate=false -Dcom.sun.management.jmxremote.ssl=false -Djava.rmi.server.hostname=localhost -Dspring.jmx.enabled=true -Dmanagement.endpoints.jmx.exposure.include=* -Dspring.application.admin.enabled=true -XX:TieredStopAtLevel=1 -Dspring.boot.project.name=multishop -javaagent:C:\Users\pedro\eclipse\jee-2023-12\eclipse\configuration\org.eclipse.osgi\434\0\.cp\lib\javaagent-shaded.jar -Dfile.encoding=UTF-8 -Dstdout.encoding=UTF-8 -Dstderr.encoding=UTF-8 
java_command: com.online.multishop.MultiShop --spring.output.ansi.enabled=always
java_class_path (initial): C:\Proyectos\Nuevos\Ultimos\microservices-02\multi-shop\target\classes;C:\Users\pedro\.m2\repository\org\springframework\boot\spring-boot-starter-web\2.7.11\spring-boot-starter-web-2.7.11.jar;C:\Users\pedro\.m2\repository\org\springframework\boot\spring-boot-starter\2.7.11\spring-boot-starter-2.7.11.jar;C:\Users\pedro\.m2\repository\org\springframework\boot\spring-boot-starter-logging\2.7.11\spring-boot-starter-logging-2.7.11.jar;C:\Users\pedro\.m2\repository\ch\qos\logback\logback-classic\1.2.12\logback-classic-1.2.12.jar;C:\Users\pedro\.m2\repository\ch\qos\logback\logback-core\1.2.12\logback-core-1.2.12.jar;C:\Users\pedro\.m2\repository\org\apache\logging\log4j\log4j-to-slf4j\2.17.2\log4j-to-slf4j-2.17.2.jar;C:\Users\pedro\.m2\repository\org\apache\logging\log4j\log4j-api\2.17.2\log4j-api-2.17.2.jar;C:\Users\pedro\.m2\repository\org\slf4j\jul-to-slf4j\1.7.36\jul-to-slf4j-1.7.36.jar;C:\Users\pedro\.m2\repository\org\yaml\snakeyaml\1.30\snakeyaml-1.30.jar;C:\Users\pedro\.m2\repository\org\springframework\boot\spring-boot-starter-json\2.7.11\spring-boot-starter-json-2.7.11.jar;C:\Users\pedro\.m2\repository\com\fasterxml\jackson\core\jackson-databind\2.13.5\jackson-databind-2.13.5.jar;C:\Users\pedro\.m2\repository\com\fasterxml\jackson\core\jackson-annotations\2.13.5\jackson-annotations-2.13.5.jar;C:\Users\pedro\.m2\repository\com\fasterxml\jackson\core\jackson-core\2.13.5\jackson-core-2.13.5.jar;C:\Users\pedro\.m2\repository\com\fasterxml\jackson\datatype\jackson-datatype-jdk8\2.13.5\jackson-datatype-jdk8-2.13.5.jar;C:\Users\pedro\.m2\repository\com\fasterxml\jackson\datatype\jackson-datatype-jsr310\2.13.5\jackson-datatype-jsr310-2.13.5.jar;C:\Users\pedro\.m2\repository\com\fasterxml\jackson\module\jackson-module-parameter-names\2.13.5\jackson-module-parameter-names-2.13.5.jar;C:\Users\pedro\.m2\repository\org\springframework\spring-web\5.3.27\spring-web-5.3.27.jar;C:\Users\pedro\.m2\repository\org\springframework\spring-beans\5.3.27\spring-beans-5.3.27.jar;C:\Users\pedro\.m2\repository\org\springframework\spring-webmvc\5.3.27\spring-webmvc-5.3.27.jar;C:\Users\pedro\.m2\repository\org\springframework\spring-aop\5.3.27\spring-aop-5.3.27.jar;C:\Users\pedro\.m2\repository\org\springframework\spring-context\5.3.27\spring-context-5.3.27.jar;C:\Users\pedro\.m2\repository\org\springframework\spring-expression\5.3.27\spring-expression-5.3.27.jar;C:\Users\pedro\.m2\repository\org\springframework\boot\spring-boot-starter-thymeleaf\2.7.11\spring-boot-starter-thymeleaf-2.7.11.jar;C:\Users\pedro\.m2\repository\org\thymeleaf\thymeleaf-spring5\3.0.15.RELEASE\thymeleaf-spring5-3.0.15.RELEASE.jar;C:\Users\pedro\.m2\repository\org\thymeleaf\thymeleaf\3.0.15.RELEASE\thymeleaf-3.0.15.RELEASE.jar;C:\Users\pedro\.m2\repository\org\attoparser\attoparser\2.0.5.RELEASE\attoparser-2.0.5.RELEASE.jar;C:\Users\pedro\.m2\repository\org\unbescape\unbescape\1.1.6.RELEASE\unbescape-1.1.6.RELEASE.jar;C:\Users\pedro\.m2\repository\org\thymeleaf\extras\thymeleaf-extras-java8time\3.0.4.RELEASE\thymeleaf-extras-java8time-3.0.4.RELEASE.jar;C:\Users\pedro\.m2\repository\org\springframework\boot\spring-boot-starter-tomcat\2.7.11\spring-boot-starter-tomcat-2.7.11.jar;C:\Users\pedro\.m2\repository\jakarta\annotation\jakarta.annotation-api\1.3.5\jakarta.annotation-api-1.3.5.jar;C:\Users\pedro\.m2\repository\org\apache\tomcat\embed\tomcat-embed-core\9.0.74\tomcat-embed-core-9.0.74.jar;C:\Users\pedro\.m2\repository\org\apache\tomcat\embed\tomcat-embed-el\9.0.74\tomcat-embed-el-9.0.74.jar;C:\Users\pedro\.m2\repository\org\apache\tomcat\embed\tomcat-embed-websocket\9.0.74\tomcat-embed-websocket-9.0.74.jar;C:\Users\pedro\.m2\repository\org\springframework\spring-core\5.3.27\spring-core-5.3.27.jar;C:\Users\pedro\.m2\repository\org\springframework\spring-jcl\5.3.27\spring-jcl-5.3.27.jar;C:\Users\pedro\.m2\repository\com\google\code\gson\gson\2.8.5\gson-2.8.5.jar;C:\Users\pedro\.m2\repository\com\itextpdf\kernel\7.1.14\kernel-7.1.14.jar;C:\Users\pedro\.m2\repository\com\itextpdf\io\7.1.14\io-7.1.14.jar;C:\Users\pedro\.m2\repository\org\bouncycastle\bcpkix-jdk15on\1.67\bcpkix-jdk15on-1.67.jar;C:\Users\pedro\.m2\repository\org\bouncycastle\bcprov-jdk15on\1.67\bcprov-jdk15on-1.67.jar;C:\Users\pedro\.m2\repository\org\slf4j\slf4j-api\1.7.36\slf4j-api-1.7.36.jar;C:\Users\pedro\.m2\repository\com\itextpdf\html2pdf\3.0.3\html2pdf-3.0.3.jar;C:\Users\pedro\.m2\repository\com\itextpdf\forms\7.1.14\forms-7.1.14.jar;C:\Users\pedro\.m2\repository\com\itextpdf\layout\7.1.14\layout-7.1.14.jar;C:\Users\pedro\.m2\repository\com\itextpdf\svg\7.1.14\svg-7.1.14.jar;C:\Users\pedro\.m2\repository\com\itextpdf\styled-xml-parser\7.1.14\styled-xml-parser-7.1.14.jar;C:\Users\pedro\.m2\repository\org\apache\httpcomponents\httpclient\4.5.2\httpclient-4.5.2.jar;C:\Users\pedro\.m2\repository\org\apache\httpcomponents\httpcore\4.4.16\httpcore-4.4.16.jar;C:\Users\pedro\.m2\repository\commons-codec\commons-codec\1.15\commons-codec-1.15.jar;C:\Proyectos\utils-common\target\classes;C:\Users\pedro\.m2\repository\org\springframework\spring-web\5.3.23\spring-web-5.3.23.jar;C:\Users\pedro\.m2\repository\org\springframework\boot\spring-boot-devtools\2.7.11\spring-boot-devtools-2.7.11.jar;C:\Users\pedro\.m2\repository\org\springframework\boot\spring-boot\2.7.11\spring-boot-2.7.11.jar;C:\Users\pedro\.m2\repository\org\springframework\boot\spring-boot-autoconfigure\2.7.11\spring-boot-autoconfigure-2.7.11.jar
Launcher Type: SUN_STANDARD

[Global flags]
     intx CICompilerCount                          = 4                                         {product} {ergonomic}
     uint ConcGCThreads                            = 2                                         {product} {ergonomic}
     uint G1ConcRefinementThreads                  = 8                                         {product} {ergonomic}
   size_t G1HeapRegionSize                         = 2097152                                   {product} {ergonomic}
    uintx GCDrainStackTargetSize                   = 64                                        {product} {ergonomic}
   size_t InitialHeapSize                          = 266338304                                 {product} {ergonomic}
     bool ManagementServer                         = true                                      {product} {command line}
   size_t MarkStackSize                            = 4194304                                   {product} {ergonomic}
   size_t MaxHeapSize                              = 4242538496                                {product} {ergonomic}
   size_t MaxNewSize                               = 2543845376                                {product} {ergonomic}
   size_t MinHeapDeltaBytes                        = 2097152                                   {product} {ergonomic}
   size_t MinHeapSize                              = 8388608                                   {product} {ergonomic}
    uintx NonProfiledCodeHeapSize                  = 0                                      {pd product} {ergonomic}
     bool ProfileInterpreter                       = false                                  {pd product} {command line}
    uintx ProfiledCodeHeapSize                     = 0                                      {pd product} {ergonomic}
     bool ShowCodeDetailsInExceptionMessages       = true                                   {manageable} {command line}
   size_t SoftMaxHeapSize                          = 4242538496                             {manageable} {ergonomic}
     intx TieredStopAtLevel                        = 1                                         {product} {command line}
     bool UseCompressedClassPointers               = true                           {product lp64_product} {ergonomic}
     bool UseCompressedOops                        = true                           {product lp64_product} {ergonomic}
     bool UseG1GC                                  = true                                      {product} {ergonomic}
     bool UseLargePagesIndividualAllocation        = false                                  {pd product} {ergonomic}

Logging:
Log output configuration:
 #0: stdout all=warning uptime,level,tags foldmultilines=false
 #1: stderr all=off uptime,level,tags foldmultilines=false

Environment Variables:
JAVA_HOME=C:\Curso\java\jdk-20
PATH=C:/Curso/java/jdk-20/bin/server;C:/Curso/java/jdk-20/bin;C:\Program Files (x86)\Common Files\Oracle\Java\javapath;C:\WINDOWS\system32;C:\WINDOWS;C:\WINDOWS\System32\Wbem;C:\WINDOWS\System32\WindowsPowerShell\v1.0\;C:\WINDOWS\System32\OpenSSH\;C:\Program Files\nodejs\;C:\Program Files\Docker\Docker\resources\bin;C:\ProgramData\DockerDesktop\version-bin;C:\Programas\gradle-8.1\bin;C:\Program Files\Git\cmd;C:\Program Files\dotnet\;C:\Programas\vault;C:\Users\pedro\AppData\Local\Microsoft\WindowsApps;C:\Users\pedro\AppData\Roaming\npm;C:\Users\pedro\AppData\Local\GitHubDesktop\bin;C:\Users\pedro\AppData\Local\Programs\Microsoft VS Code\bin;C:\Curso\java\jdk-20\bin;C:\Users\pedro\.dotnet\tools;;C:\Users\pedro\Desktop;
USERNAME=pedro
OS=Windows_NT
PROCESSOR_IDENTIFIER=Intel64 Family 6 Model 142 Stepping 12, GenuineIntel
TMP=C:\Users\pedro\AppData\Local\Temp
TEMP=C:\Users\pedro\AppData\Local\Temp




---------------  S Y S T E M  ---------------

OS:
 Windows 11 , 64 bit Build 23595 (10.0.23595.1001)
OS uptime: 0 days 23:52 hours
Hyper-V role detected

CPU: total 8 (initial active 8) (4 cores per cpu, 2 threads per core) family 6 model 142 stepping 12 microcode 0xf0, cx8, cmov, fxsr, ht, mmx, 3dnowpref, sse, sse2, sse3, ssse3, sse4.1, sse4.2, popcnt, lzcnt, tsc, tscinvbit, avx, avx2, aes, erms, clmul, bmi1, bmi2, adx, fma, vzeroupper, clflush, clflushopt, hv, rdtscp, f16c

Memory: 4k page, system-wide physical 16180M (2787M free)
TotalPageFile size 53044M (AvailPageFile size 35627M)
current process WorkingSet (physical memory assigned to process): 197M, peak: 220M
current process commit charge ("private bytes"): 248M, peak: 376M

vm_info: OpenJDK 64-Bit Server VM (20+36-2344) for windows-amd64 JRE (20+36-2344), built on 2023-02-10T19:30:15Z by "mach5one" with MS VC++ 17.1 (VS2022)

END.
